{"logTime": "0303/124408", "correlationVector":"OKyJNUSplg1XH+damRZuQf.222","action":"GetUpdates", "result":"DeleteReceived", "context":{"id":"cc07c467-02f1-48ba-aa1f-564072991b1e", "isDeleted:":"true", "version":"1709461910181"}}
{"logTime": "0303/124408", "correlationVector":"OKyJNUSplg1XH+damRZuQf.223","action":"GetUpdates Response", "result":"SYNCER_OK", "context":Received 247 update(s). cV=OKyJNUSplg1XH+damRZuQf.0;server=GENERAL0100000A;cloudType=Consumer;environment=Prod_SoutheastAsia_000j;migrationStage=NotStarted}
{"logTime": "0303/124408", "correlationVector":"5x1KTKW0EmMazOKHDlyilk","action":"Normal GetUpdate request", "result":"", "context":cV=5x1KTKW0EmMazOKHDlyilk
Nudged types: Bookmarks, Sessions, Device Info
Refresh requested types: Bookmarks, Preferences, Passwords, Autofill Profiles, Autofill, Typed URLs, Extensions, Sessions, Extension settings, History Delete Directives, Device Info, User Consents, Send Tab To Self, Web Apps, Collection, Edge E Drop, Edge Hub App Usage, Edge Wallet, Encryption Keys}
{"logTime": "0303/124409", "correlationVector":"5x1KTKW0EmMazOKHDlyilk.1","action":"SyncServerConnectionManagerRequest", "result":"SYNC_SERVER_OK", "context":{"environment":"Prod_SoutheastAsia_000j", "migrationStage":"NotStarted", "server":"GENERAL03000012"}}
{"logTime": "0303/124409", "correlationVector":"5x1KTKW0EmMazOKHDlyilk.2","action":"GetUpdates Response", "result":"SYNCER_OK", "context":Received 0 update(s). cV=5x1KTKW0EmMazOKHDlyilk.0;server=GENERAL03000012;cloudType=Consumer;environment=Prod_SoutheastAsia_000j;migrationStage=NotStarted}
{"logTime": "0303/124409", "correlationVector":"Q1GJL6SDKAIt+pLQch8AyR","action":"Commit Request", "result":"", "context":Item count: 14
Contributing types: Bookmarks, Sessions, Device Info}
{"logTime": "0303/124409", "correlationVector":"Q1GJL6SDKAIt+pLQch8AyR.1","action":"SyncServerConnectionManagerRequest", "result":"SYNC_SERVER_OK", "context":{"environment":"Prod_SoutheastAsia_000j", "migrationStage":"NotStarted", "server":"GENERAL0300001K"}}
{"logTime": "0303/124409", "correlationVector":"Q1GJL6SDKAIt+pLQch8AyR.2","action":"Commit Response", "result":"SYNCER_OK", "context":Result: SYNCER_OK. cV=Q1GJL6SDKAIt+pLQch8AyR.0;server=GENERAL0300001K;cloudType=Consumer;environment=Prod_SoutheastAsia_000j;migrationStage=NotStarted}
{"logTime": "0303/124851", "correlationVector":"59Nd7JshwcgU3FoJnHEJsr","action":"Normal GetUpdate request", "result":"", "context":cV=59Nd7JshwcgU3FoJnHEJsr
Refresh requested types: Bookmarks, Preferences, Passwords, Autofill Profiles, Autofill, Typed URLs, Extensions, Sessions, Extension settings, History Delete Directives, Device Info, User Consents, Send Tab To Self, Web Apps, Collection, Edge E Drop, Edge Hub App Usage, Edge Wallet, Encryption Keys}
{"logTime": "0303/124851", "correlationVector":"59Nd7JshwcgU3FoJnHEJsr.1","action":"SyncServerConnectionManagerRequest", "result":"SYNC_SERVER_OK", "context":{"environment":"Prod_SoutheastAsia_000j", "migrationStage":"NotStarted", "server":"GENERAL0300001A"}}
{"logTime": "0303/124851", "correlationVector":"59Nd7JshwcgU3FoJnHEJsr.2","action":"GetUpdates Response", "result":"SYNCER_OK", "context":Received 15 update(s). cV=59Nd7JshwcgU3FoJnHEJsr.0;server=GENERAL0300001A;cloudType=Consumer;environment=Prod_SoutheastAsia_000j;migrationStage=NotStarted}
{"logTime": "0303/135228", "correlationVector":"JZmgFaHy5rNWr3pkucTqZ+","action":"Commit Request", "result":"", "context":Item count: 1
Contributing types: Sessions}
{"logTime": "0303/135228", "correlationVector":"JZmgFaHy5rNWr3pkucTqZ+.1","action":"SyncServerConnectionManagerRequest", "result":"SYNC_SERVER_OK", "context":{"environment":"Prod_SoutheastAsia_000j", "migrationStage":"NotStarted", "server":"GENERAL0100000W"}}
{"logTime": "0303/135228", "correlationVector":"JZmgFaHy5rNWr3pkucTqZ+.2","action":"Commit Response", "result":"SYNCER_OK", "context":Result: SYNCER_OK. cV=JZmgFaHy5rNWr3pkucTqZ+.0;server=GENERAL0100000W;cloudType=Consumer;environment=Prod_SoutheastAsia_000j;migrationStage=NotStarted}
{"logTime": "0303/135300", "correlationVector":"/MClommdri3KtYEf5Ee3Gs","action":"Commit Request", "result":"", "context":Item count: 1
Contributing types: Sessions}
{"logTime": "0303/135300", "correlationVector":"/MClommdri3KtYEf5Ee3Gs.1","action":"SyncServerConnectionManagerRequest", "result":"SYNC_SERVER_OK", "context":{"environment":"Prod_SoutheastAsia_000j", "migrationStage":"NotStarted", "server":"GENERAL0300002H"}}
{"logTime": "0303/135300", "correlationVector":"/MClommdri3KtYEf5Ee3Gs.2","action":"Commit Response", "result":"SYNCER_OK", "context":Result: SYNCER_OK. cV=/MClommdri3KtYEf5Ee3Gs.0;server=GENERAL0300002H;cloudType=Consumer;environment=Prod_SoutheastAsia_000j;migrationStage=NotStarted}
{"logTime": "0303/135641", "correlationVector":"EztU3BKRGu8caR9dp23r3F","action":"Commit Request", "result":"", "context":Item count: 1
Contributing types: Sessions}
{"logTime": "0303/135641", "correlationVector":"EztU3BKRGu8caR9dp23r3F.1","action":"SyncServerConnectionManagerRequest", "result":"SYNC_SERVER_OK", "context":{"environment":"Prod_SoutheastAsia_000j", "migrationStage":"NotStarted", "server":"GENERAL0100000B"}}
{"logTime": "0303/135641", "correlationVector":"EztU3BKRGu8caR9dp23r3F.2","action":"Commit Response", "result":"SYNCER_OK", "context":Result: SYNCER_OK. cV=EztU3BKRGu8caR9dp23r3F.0;server=GENERAL0100000B;cloudType=Consumer;environment=Prod_SoutheastAsia_000j;migrationStage=NotStarted}
{"logTime": "0303/140043", "correlationVector":"nw3RwmZrx9wGL9DKJhaoEq","action":"Commit Request", "result":"", "context":Item count: 1
Contributing types: Sessions}
{"logTime": "0303/140043", "correlationVector":"nw3RwmZrx9wGL9DKJhaoEq.1","action":"SyncServerConnectionManagerRequest", "result":"SYNC_SERVER_OK", "context":{"environment":"Prod_SoutheastAsia_000j", "migrationStage":"NotStarted", "server":"GENERAL0300001A"}}
{"logTime": "0303/140043", "correlationVector":"nw3RwmZrx9wGL9DKJhaoEq.2","action":"Commit Response", "result":"SYNCER_OK", "context":Result: SYNCER_OK. cV=nw3RwmZrx9wGL9DKJhaoEq.0;server=GENERAL0300001A;cloudType=Consumer;environment=Prod_SoutheastAsia_000j;migrationStage=NotStarted}
{"logTime": "0303/140200", "correlationVector":"rivdDteMSQQgGyuGg70BCo","action":"Commit Request", "result":"", "context":Item count: 1
Contributing types: Sessions}
{"logTime": "0303/140200", "correlationVector":"rivdDteMSQQgGyuGg70BCo.1","action":"SyncServerConnectionManagerRequest", "result":"SYNC_SERVER_OK", "context":{"environment":"Prod_SoutheastAsia_000j", "migrationStage":"NotStarted", "server":"GENERAL0300000K"}}
{"logTime": "0303/140200", "correlationVector":"rivdDteMSQQgGyuGg70BCo.2","action":"Commit Response", "result":"SYNCER_OK", "context":Result: SYNCER_OK. cV=rivdDteMSQQgGyuGg70BCo.0;server=GENERAL0300000K;cloudType=Consumer;environment=Prod_SoutheastAsia_000j;migrationStage=NotStarted}
{"logTime": "0303/140234", "correlationVector":"w6zZOYcsI6KJcPudrF12Ez","action":"Commit Request", "result":"", "context":Item count: 1
Contributing types: Sessions}
{"logTime": "0303/140235", "correlationVector":"w6zZOYcsI6KJcPudrF12Ez.1","action":"SyncServerConnectionManagerRequest", "result":"SYNC_SERVER_OK", "context":{"environment":"Prod_SoutheastAsia_000j", "migrationStage":"NotStarted", "server":"GENERAL0300002F"}}
{"logTime": "0303/140235", "correlationVector":"w6zZOYcsI6KJcPudrF12Ez.2","action":"Commit Response", "result":"SYNCER_OK", "context":Result: SYNCER_OK. cV=w6zZOYcsI6KJcPudrF12Ez.0;server=GENERAL0300002F;cloudType=Consumer;environment=Prod_SoutheastAsia_000j;migrationStage=NotStarted}
{"logTime": "0303/140630", "correlationVector":"4Hj1PNUkF8aYwt4AI1BMzc","action":"Commit Request", "result":"", "context":Item count: 1
Contributing types: Sessions}
{"logTime": "0303/140630", "correlationVector":"4Hj1PNUkF8aYwt4AI1BMzc.1","action":"SyncServerConnectionManagerRequest", "result":"SYNC_AUTH_ERROR", "context":{"environment":"Prod_SoutheastAsia_000j", "migrationStage":"NotStarted", "server":"GENERAL0100001J"}}
{"logTime": "0303/140630", "correlationVector":"4Hj1PNUkF8aYwt4AI1BMzc.2","action":"Commit Response", "result":"SYNC_AUTH_ERROR (HTTP 401)", "context":Result: SYNC_AUTH_ERROR (HTTP 401). cV=4Hj1PNUkF8aYwt4AI1BMzc.0;server=GENERAL0100001J;cloudType=Undetermined;environment=Prod_SoutheastAsia_000j;migrationStage=NotStarted}
{"logTime": "0303/140631", "correlationVector":"APOEKvo6cHYM+ivrOo7jOa","action":"Commit Request", "result":"", "context":Item count: 1
Contributing types: Sessions}
{"logTime": "0303/140631", "correlationVector":"APOEKvo6cHYM+ivrOo7jOa.1","action":"SyncServerConnectionManagerRequest", "result":"SYNC_SERVER_OK", "context":{"environment":"Prod_SoutheastAsia_000j", "migrationStage":"NotStarted", "server":"general0100000E"}}
{"logTime": "0303/140631", "correlationVector":"APOEKvo6cHYM+ivrOo7jOa.2","action":"Commit Response", "result":"SYNCER_OK", "context":Result: SYNCER_OK. cV=APOEKvo6cHYM+ivrOo7jOa.0;server=general0100000E;cloudType=Consumer;environment=Prod_SoutheastAsia_000j;migrationStage=NotStarted}
{"logTime": "0303/140715", "correlationVector":"Kt+YI/BlRZfTy54n61EFBL","action":"Commit Request", "result":"", "context":Item count: 1
Contributing types: Sessions}
{"logTime": "0303/140716", "correlationVector":"Kt+YI/BlRZfTy54n61EFBL.1","action":"SyncServerConnectionManagerRequest", "result":"SYNC_SERVER_OK", "context":{"environment":"Prod_SoutheastAsia_000j", "migrationStage":"NotStarted", "server":"GENERAL03000026"}}
{"logTime": "0303/140716", "correlationVector":"Kt+YI/BlRZfTy54n61EFBL.2","action":"Commit Response", "result":"SYNCER_OK", "context":Result: SYNCER_OK. cV=Kt+YI/BlRZfTy54n61EFBL.0;server=GENERAL03000026;cloudType=Consumer;environment=Prod_SoutheastAsia_000j;migrationStage=NotStarted}
{"logTime": "0303/140750", "correlationVector":"72fYmGfe4+jROZF/a9BMck","action":"Commit Request", "result":"", "context":Item count: 1
Contributing types: Sessions}
{"logTime": "0303/140751", "correlationVector":"72fYmGfe4+jROZF/a9BMck.1","action":"SyncServerConnectionManagerRequest", "result":"SYNC_SERVER_OK", "context":{"environment":"Prod_SoutheastAsia_000j", "migrationStage":"NotStarted", "server":"GENERAL0300001W"}}
{"logTime": "0303/140751", "correlationVector":"72fYmGfe4+jROZF/a9BMck.2","action":"Commit Response", "result":"SYNCER_OK", "context":Result: SYNCER_OK. cV=72fYmGfe4+jROZF/a9BMck.0;server=GENERAL0300001W;cloudType=Consumer;environment=Prod_SoutheastAsia_000j;migrationStage=NotStarted}
{"logTime": "0303/141129", "correlationVector":"cN3KXRBEEQSL3JrcZmgZr5","action":"Commit Request", "result":"", "context":Item count: 1
Contributing types: Sessions}
{"logTime": "0303/141129", "correlationVector":"cN3KXRBEEQSL3JrcZmgZr5.1","action":"SyncServerConnectionManagerRequest", "result":"SYNC_SERVER_OK", "context":{"environment":"Prod_SoutheastAsia_000j", "migrationStage":"NotStarted", "server":"GENERAL0300001T"}}
{"logTime": "0303/141129", "correlationVector":"cN3KXRBEEQSL3JrcZmgZr5.2","action":"Commit Response", "result":"SYNCER_OK", "context":Result: SYNCER_OK. cV=cN3KXRBEEQSL3JrcZmgZr5.0;server=GENERAL0300001T;cloudType=Consumer;environment=Prod_SoutheastAsia_000j;migrationStage=NotStarted}
{"logTime": "0303/141352", "correlationVector":"pEbwMNNOxmuI3JWqWsw2R3","action":"Commit Request", "result":"", "context":Item count: 1
Contributing types: Sessions}
{"logTime": "0303/141352", "correlationVector":"pEbwMNNOxmuI3JWqWsw2R3.1","action":"SyncServerConnectionManagerRequest", "result":"SYNC_SERVER_OK", "context":{"environment":"Prod_SoutheastAsia_000j", "migrationStage":"NotStarted", "server":"GENERAL0300001Z"}}
{"logTime": "0303/141352", "correlationVector":"pEbwMNNOxmuI3JWqWsw2R3.2","action":"Commit Response", "result":"SYNCER_OK", "context":Result: SYNCER_OK. cV=pEbwMNNOxmuI3JWqWsw2R3.0;server=GENERAL0300001Z;cloudType=Consumer;environment=Prod_SoutheastAsia_000j;migrationStage=NotStarted}
{"logTime": "0303/141845", "correlationVector":"jvI/TK/ORmGuOpWaFa9vmX","action":"Commit Request", "result":"", "context":Item count: 1
Contributing types: Sessions}
{"logTime": "0303/141845", "correlationVector":"jvI/TK/ORmGuOpWaFa9vmX.1","action":"SyncServerConnectionManagerRequest", "result":"SYNC_SERVER_OK", "context":{"environment":"Prod_SoutheastAsia_000j", "migrationStage":"NotStarted", "server":"GENERAL0100001J"}}
{"logTime": "0303/141845", "correlationVector":"jvI/TK/ORmGuOpWaFa9vmX.2","action":"Commit Response", "result":"SYNCER_OK", "context":Result: SYNCER_OK. cV=jvI/TK/ORmGuOpWaFa9vmX.0;server=GENERAL0100001J;cloudType=Consumer;environment=Prod_SoutheastAsia_000j;migrationStage=NotStarted}
{"logTime": "0303/142140", "correlationVector":"4eT5Ev/OWNGCtYwsggr05m","action":"Commit Request", "result":"", "context":Item count: 1
Contributing types: Sessions}
{"logTime": "0303/142140", "correlationVector":"4eT5Ev/OWNGCtYwsggr05m.1","action":"SyncServerConnectionManagerRequest", "result":"SYNC_SERVER_OK", "context":{"environment":"Prod_SoutheastAsia_000j", "migrationStage":"NotStarted", "server":"GENERAL01000006"}}
{"logTime": "0303/142140", "correlationVector":"4eT5Ev/OWNGCtYwsggr05m.2","action":"Commit Response", "result":"SYNCER_OK", "context":Result: SYNCER_OK. cV=4eT5Ev/OWNGCtYwsggr05m.0;server=GENERAL01000006;cloudType=Consumer;environment=Prod_SoutheastAsia_000j;migrationStage=NotStarted}
{"logTime": "0303/165653", "correlationVector":"fV4EpFaHvzqvgtR8T5p1/n","action":"Normal GetUpdate request", "result":"", "context":cV=fV4EpFaHvzqvgtR8T5p1/n
Notified types: Preferences}
{"logTime": "0303/165653", "correlationVector":"fV4EpFaHvzqvgtR8T5p1/n.1","action":"SyncServerConnectionManagerRequest", "result":"SYNC_SERVER_OK", "context":{"environment":"Prod_SoutheastAsia_000j", "migrationStage":"NotStarted", "server":"GENERAL03000012"}}
{"logTime": "0303/165653", "correlationVector":"fV4EpFaHvzqvgtR8T5p1/n.2","action":"GetUpdates Response", "result":"SYNCER_OK", "context":Received 7 update(s). cV=fV4EpFaHvzqvgtR8T5p1/n.0;server=GENERAL03000012;cloudType=Consumer;environment=Prod_SoutheastAsia_000j;migrationStage=NotStarted}
{"logTime": "0304/115851", "correlationVector":"vDmXVt8jh5dNAoIA/7uBoj","action":"SyncServerConnectionManagerRequest", "result":"SYNC_SERVER_OK", "context":{"environment":"", "migrationStage":"", "server":""}}
{"logTime": "0304/115851", "correlationVector":"372IIs5z1PiBg0YO2Fv/gV.1","action":"SyncServerConnectionManagerRequest", "result":"SYNC_SERVER_OK", "context":{"environment":"Prod_SoutheastAsia_000j", "migrationStage":"NotStarted", "server":"GENERAL0300001Q"}}
{"logTime": "0304/115851", "correlationVector":"372IIs5z1PiBg0YO2Fv/gV","action":"Initial GetUpdates", "result":"", "context":Reason: NEW_CLIENT. cV=372IIs5z1PiBg0YO2Fv/gV}
{"logTime": "0304/115851", "correlationVector":"372IIs5z1PiBg0YO2Fv/gV.2","action":"GetUpdates Response", "result":"SYNCER_OK", "context":Received 1 update(s). cV=372IIs5z1PiBg0YO2Fv/gV.0;server=GENERAL0300001Q;cloudType=Consumer;environment=Prod_SoutheastAsia_000j;migrationStage=NotStarted}
{"logTime": "0304/115851", "correlationVector":"VQfegUKEnilVX/Q2rtwqzr","action":"Initial GetUpdates", "result":"", "context":Reason: NEWLY_SUPPORTED_DATATYPE. cV=VQfegUKEnilVX/Q2rtwqzr}
{"logTime": "0304/115851", "correlationVector":"VQfegUKEnilVX/Q2rtwqzr.1","action":"SyncServerConnectionManagerRequest", "result":"SYNC_SERVER_OK", "context":{"environment":"Prod_SoutheastAsia_000j", "migrationStage":"NotStarted", "server":"GENERAL0300001M"}}
{"logTime": "0304/115851", "correlationVector":"VQfegUKEnilVX/Q2rtwqzr.2","action":"GetUpdates Response", "result":"SYNCER_OK", "context":Received 30 update(s). cV=VQfegUKEnilVX/Q2rtwqzr.0;server=GENERAL0300001M;cloudType=Consumer;environment=Prod_SoutheastAsia_000j;migrationStage=NotStarted}
{"logTime": "0304/115851", "correlationVector":"A1ml+pZ7qvi/CurBRj6DSJ","action":"Normal GetUpdate request", "result":"", "context":cV=A1ml+pZ7qvi/CurBRj6DSJ
Nudged types: Sessions
Refresh requested types: Bookmarks, Preferences, Passwords, Autofill Profiles, Autofill, Typed URLs, Extensions, Sessions, Extension settings, History Delete Directives, Device Info, User Consents, Send Tab To Self, Web Apps, Collection, Edge E Drop, Edge Hub App Usage, Edge Wallet, Encryption Keys}
{"logTime": "0304/115851", "correlationVector":"A1ml+pZ7qvi/CurBRj6DSJ.1","action":"SyncServerConnectionManagerRequest", "result":"SYNC_SERVER_OK", "context":{"environment":"Prod_SoutheastAsia_000j", "migrationStage":"NotStarted", "server":"general0100001A"}}
{"logTime": "0304/115851", "correlationVector":"A1ml+pZ7qvi/CurBRj6DSJ.2","action":"GetUpdates", "result":"DeleteReceived", "context":{"id":"3ffd6396-d3da-49dc-a371-8a9a6f035a1f", "isDeleted:":"true", "version":"1709485294428"}}
{"logTime": "0304/115851", "correlationVector":"A1ml+pZ7qvi/CurBRj6DSJ.3","action":"GetUpdates Response", "result":"SYNCER_OK", "context":Received 3 update(s). cV=A1ml+pZ7qvi/CurBRj6DSJ.0;server=general0100001A;cloudType=Consumer;environment=Prod_SoutheastAsia_000j;migrationStage=NotStarted}
{"logTime": "0304/115851", "correlationVector":"yv6VZpHmxU+UYUDzdQ3RCE","action":"Commit Request", "result":"", "context":Item count: 3
Contributing types: Sessions}
{"logTime": "0304/115851", "correlationVector":"yv6VZpHmxU+UYUDzdQ3RCE.1","action":"SyncServerConnectionManagerRequest", "result":"SYNC_SERVER_OK", "context":{"environment":"Prod_SoutheastAsia_000j", "migrationStage":"NotStarted", "server":"general0100000H"}}
{"logTime": "0304/115851", "correlationVector":"yv6VZpHmxU+UYUDzdQ3RCE.3","action":"Commit.Sessions", "result":"Success", "context":{"id":"2f6984e5-a918-4bad-924f-c079524b4707", "isDeleted":"true", "size":"0", "version":"1709475699664"}}
{"logTime": "0304/115851", "correlationVector":"yv6VZpHmxU+UYUDzdQ3RCE.2","action":"Commit Response", "result":"SYNCER_OK", "context":Result: SYNCER_OK. cV=yv6VZpHmxU+UYUDzdQ3RCE.0;server=general0100000H;cloudType=Consumer;environment=Prod_SoutheastAsia_000j;migrationStage=NotStarted}
{"logTime": "0304/115851", "correlationVector":"ERUB7Py5ADnG0CdICBFkqL","action":"Poll GetUpdate request", "result":"", "context":cV=ERUB7Py5ADnG0CdICBFkqL}
{"logTime": "0304/115851", "correlationVector":"ERUB7Py5ADnG0CdICBFkqL.1","action":"SyncServerConnectionManagerRequest", "result":"SYNC_SERVER_OK", "context":{"environment":"Prod_SoutheastAsia_000j", "migrationStage":"NotStarted", "server":"GENERAL0100001K"}}
{"logTime": "0304/115851", "correlationVector":"ERUB7Py5ADnG0CdICBFkqL.2","action":"GetUpdates", "result":"DeleteReceived", "context":{"id":"2f6984e5-a918-4bad-924f-c079524b4707", "isDeleted:":"true", "version":"1709553531130"}}
{"logTime": "0304/115851", "correlationVector":"ERUB7Py5ADnG0CdICBFkqL.3","action":"GetUpdates Response", "result":"SYNCER_OK", "context":Received 3 update(s). cV=ERUB7Py5ADnG0CdICBFkqL.0;server=GENERAL0100001K;cloudType=Consumer;environment=Prod_SoutheastAsia_000j;migrationStage=NotStarted}
{"logTime": "0304/115919", "correlationVector":"Ma/99/p0IrBIvm89lO20qj","action":"Normal GetUpdate request", "result":"", "context":cV=Ma/99/p0IrBIvm89lO20qj
Nudged types: Sessions}
{"logTime": "0304/115919", "correlationVector":"Ma/99/p0IrBIvm89lO20qj.1","action":"SyncServerConnectionManagerRequest", "result":"SYNC_SERVER_OK", "context":{"environment":"Prod_SoutheastAsia_000j", "migrationStage":"NotStarted", "server":"GENERAL03000007"}}
{"logTime": "0304/115919", "correlationVector":"Ma/99/p0IrBIvm89lO20qj.2","action":"GetUpdates", "result":"DeleteReceived", "context":{"id":"a8bd342a-212e-4d4f-832a-6a6045ee573e", "isDeleted:":"true", "version":"1709553540972"}}
{"logTime": "0304/115919", "correlationVector":"Ma/99/p0IrBIvm89lO20qj.3","action":"GetUpdates Response", "result":"SYNCER_OK", "context":Received 7 update(s). cV=Ma/99/p0IrBIvm89lO20qj.0;server=GENERAL03000007;cloudType=Consumer;environment=Prod_SoutheastAsia_000j;migrationStage=NotStarted}
{"logTime": "0304/115920", "correlationVector":"l5qm1h1TEsKjbucJ7+ZkuT","action":"Commit Request", "result":"", "context":Item count: 1
Contributing types: Sessions}
{"logTime": "0304/115920", "correlationVector":"l5qm1h1TEsKjbucJ7+ZkuT.1","action":"SyncServerConnectionManagerRequest", "result":"SYNC_SERVER_OK", "context":{"environment":"Prod_SoutheastAsia_000j", "migrationStage":"NotStarted", "server":"GENERAL01000014"}}
{"logTime": "0304/115920", "correlationVector":"l5qm1h1TEsKjbucJ7+ZkuT.2","action":"Commit Response", "result":"SYNCER_OK", "context":Result: SYNCER_OK. cV=l5qm1h1TEsKjbucJ7+ZkuT.0;server=GENERAL01000014;cloudType=Consumer;environment=Prod_SoutheastAsia_000j;migrationStage=NotStarted}
{"logTime": "0304/115950", "correlationVector":"V45ibErAiyUU8SFjJNrv+q","action":"Normal GetUpdate request", "result":"", "context":cV=V45ibErAiyUU8SFjJNrv+q
Nudged types: Sessions}
{"logTime": "0304/115950", "correlationVector":"V45ibErAiyUU8SFjJNrv+q.1","action":"SyncServerConnectionManagerRequest", "result":"SYNC_SERVER_OK", "context":{"environment":"Prod_SoutheastAsia_000j", "migrationStage":"NotStarted", "server":"general01000009"}}
{"logTime": "0304/115950", "correlationVector":"V45ibErAiyUU8SFjJNrv+q.2","action":"GetUpdates Response", "result":"SYNCER_OK", "context":Received 3 update(s). cV=V45ibErAiyUU8SFjJNrv+q.0;server=general01000009;cloudType=Consumer;environment=Prod_SoutheastAsia_000j;migrationStage=NotStarted}
{"logTime": "0304/120146", "correlationVector":"A4Q0ag6C6VyApc2ZRVyHhF","action":"Commit Request", "result":"", "context":Item count: 1
Contributing types: Sessions}
{"logTime": "0304/120146", "correlationVector":"A4Q0ag6C6VyApc2ZRVyHhF.1","action":"SyncServerConnectionManagerRequest", "result":"SYNC_SERVER_OK", "context":{"environment":"Prod_SoutheastAsia_000j", "migrationStage":"NotStarted", "server":"general0100001A"}}
{"logTime": "0304/120146", "correlationVector":"A4Q0ag6C6VyApc2ZRVyHhF.2","action":"Commit Response", "result":"SYNCER_OK", "context":Result: SYNCER_OK. cV=A4Q0ag6C6VyApc2ZRVyHhF.0;server=general0100001A;cloudType=Consumer;environment=Prod_SoutheastAsia_000j;migrationStage=NotStarted}
{"logTime": "0304/120238", "correlationVector":"4zqn8OyWTInCR5RGVe20kO","action":"Commit Request", "result":"", "context":Item count: 1
Contributing types: Sessions}
{"logTime": "0304/120238", "correlationVector":"4zqn8OyWTInCR5RGVe20kO.1","action":"SyncServerConnectionManagerRequest", "result":"SYNC_SERVER_OK", "context":{"environment":"Prod_SoutheastAsia_000j", "migrationStage":"NotStarted", "server":"GENERAL03000002"}}
{"logTime": "0304/120238", "correlationVector":"4zqn8OyWTInCR5RGVe20kO.2","action":"Commit Response", "result":"SYNCER_OK", "context":Result: SYNCER_OK. cV=4zqn8OyWTInCR5RGVe20kO.0;server=GENERAL03000002;cloudType=Consumer;environment=Prod_SoutheastAsia_000j;migrationStage=NotStarted}
{"logTime": "0304/120321", "correlationVector":"QRvrLmg5IdmpauVLUSm03D","action":"Commit Request", "result":"", "context":Item count: 1
Contributing types: Sessions}
{"logTime": "0304/120321", "correlationVector":"QRvrLmg5IdmpauVLUSm03D.1","action":"SyncServerConnectionManagerRequest", "result":"SYNC_SERVER_OK", "context":{"environment":"Prod_SoutheastAsia_000j", "migrationStage":"NotStarted", "server":"GENERAL0100000N"}}
{"logTime": "0304/120321", "correlationVector":"QRvrLmg5IdmpauVLUSm03D.2","action":"Commit Response", "result":"SYNCER_OK", "context":Result: SYNCER_OK. cV=QRvrLmg5IdmpauVLUSm03D.0;server=GENERAL0100000N;cloudType=Consumer;environment=Prod_SoutheastAsia_000j;migrationStage=NotStarted}
{"logTime": "0304/120344", "correlationVector":"gM+6aZ+6CoEyzdo175djAd","action":"Normal GetUpdate request", "result":"", "context":cV=gM+6aZ+6CoEyzdo175djAd
Nudged types: Preferences, Sessions
Refresh requested types: Bookmarks, Preferences, Passwords, Autofill Profiles, Autofill, Typed URLs, Extensions, Sessions, Extension settings, History Delete Directives, Device Info, User Consents, Send Tab To Self, Web Apps, Collection, Edge E Drop, Edge Hub App Usage, Edge Wallet, Encryption Keys}
{"logTime": "0304/120345", "correlationVector":"gM+6aZ+6CoEyzdo175djAd.1","action":"SyncServerConnectionManagerRequest", "result":"SYNC_SERVER_OK", "context":{"environment":"Prod_SoutheastAsia_000j", "migrationStage":"NotStarted", "server":"GENERAL0100000N"}}
{"logTime": "0304/120345", "correlationVector":"gM+6aZ+6CoEyzdo175djAd.2","action":"GetUpdates Response", "result":"SYNCER_OK", "context":Received 2 update(s). cV=gM+6aZ+6CoEyzdo175djAd.0;server=GENERAL0100000N;cloudType=Consumer;environment=Prod_SoutheastAsia_000j;migrationStage=NotStarted}
{"logTime": "0304/120345", "correlationVector":"93VPSL9j0GytYD1Jul9ZRi","action":"Commit Request", "result":"", "context":Item count: 2
Contributing types: Preferences, Sessions}
{"logTime": "0304/120345", "correlationVector":"93VPSL9j0GytYD1Jul9ZRi.1","action":"SyncServerConnectionManagerRequest", "result":"SYNC_SERVER_OK", "context":{"environment":"Prod_SoutheastAsia_000j", "migrationStage":"NotStarted", "server":"GENERAL0300000B"}}
{"logTime": "0304/120345", "correlationVector":"93VPSL9j0GytYD1Jul9ZRi.2","action":"Commit Response", "result":"SYNCER_OK", "context":Result: SYNCER_OK. cV=93VPSL9j0GytYD1Jul9ZRi.0;server=GENERAL0300000B;cloudType=Consumer;environment=Prod_SoutheastAsia_000j;migrationStage=NotStarted}
{"logTime": "0304/120804", "correlationVector":"ztUgl2FuLEaLhHOIYYH04+","action":"Commit Request", "result":"", "context":Item count: 1
Contributing types: Sessions}
{"logTime": "0304/120805", "correlationVector":"ztUgl2FuLEaLhHOIYYH04+.1","action":"SyncServerConnectionManagerRequest", "result":"SYNC_SERVER_OK", "context":{"environment":"Prod_EastAsia_000d", "migrationStage":"NotStarted", "server":"GENERAL0100000A"}}
{"logTime": "0304/120805", "correlationVector":"ztUgl2FuLEaLhHOIYYH04+.2","action":"Commit Response", "result":"SYNCER_OK", "context":Result: SYNCER_OK. cV=ztUgl2FuLEaLhHOIYYH04+.0;server=GENERAL0100000A;cloudType=Consumer;environment=Prod_EastAsia_000d;migrationStage=NotStarted}
{"logTime": "0304/120933", "correlationVector":"yYYaqqePivZQg1nBruVZ4h","action":"Commit Request", "result":"", "context":Item count: 1
Contributing types: Sessions}
{"logTime": "0304/120933", "correlationVector":"yYYaqqePivZQg1nBruVZ4h.1","action":"SyncServerConnectionManagerRequest", "result":"SYNC_SERVER_OK", "context":{"environment":"Prod_EastAsia_000d", "migrationStage":"NotStarted", "server":"GENERAL0100000O"}}
{"logTime": "0304/120933", "correlationVector":"yYYaqqePivZQg1nBruVZ4h.2","action":"Commit Response", "result":"SYNCER_OK", "context":Result: SYNCER_OK. cV=yYYaqqePivZQg1nBruVZ4h.0;server=GENERAL0100000O;cloudType=Consumer;environment=Prod_EastAsia_000d;migrationStage=NotStarted}
{"logTime": "0304/121027", "correlationVector":"6LnyNR/dtiumE7wTCrzz7Y","action":"Commit Request", "result":"", "context":Item count: 1
Contributing types: Sessions}
{"logTime": "0304/121028", "correlationVector":"6LnyNR/dtiumE7wTCrzz7Y.1","action":"SyncServerConnectionManagerRequest", "result":"SYNC_SERVER_OK", "context":{"environment":"Prod_SoutheastAsia_000j", "migrationStage":"NotStarted", "server":"GENERAL03000025"}}
{"logTime": "0304/121028", "correlationVector":"6LnyNR/dtiumE7wTCrzz7Y.2","action":"Commit Response", "result":"SYNCER_OK", "context":Result: SYNCER_OK. cV=6LnyNR/dtiumE7wTCrzz7Y.0;server=GENERAL03000025;cloudType=Consumer;environment=Prod_SoutheastAsia_000j;migrationStage=NotStarted}
{"logTime": "0304/122750", "correlationVector":"5OxaRu0iucZ46ypnGPt5fr","action":"Commit Request", "result":"", "context":Item count: 1
Contributing types: Sessions}
{"logTime": "0304/122750", "correlationVector":"5OxaRu0iucZ46ypnGPt5fr.1","action":"SyncServerConnectionManagerRequest", "result":"SYNC_SERVER_OK", "context":{"environment":"Prod_SoutheastAsia_000j", "migrationStage":"NotStarted", "server":"GENERAL01000017"}}
{"logTime": "0304/122750", "correlationVector":"5OxaRu0iucZ46ypnGPt5fr.2","action":"Commit Response", "result":"SYNCER_OK", "context":Result: SYNCER_OK. cV=5OxaRu0iucZ46ypnGPt5fr.0;server=GENERAL01000017;cloudType=Consumer;environment=Prod_SoutheastAsia_000j;migrationStage=NotStarted}
{"logTime": "0304/122828", "correlationVector":"syadvaUBZJj1rzi0zJDZ5d","action":"Commit Request", "result":"", "context":Item count: 1
Contributing types: Sessions}
{"logTime": "0304/122828", "correlationVector":"syadvaUBZJj1rzi0zJDZ5d.1","action":"SyncServerConnectionManagerRequest", "result":"SYNC_SERVER_OK", "context":{"environment":"Prod_SoutheastAsia_000j", "migrationStage":"NotStarted", "server":"GENERAL0100000R"}}
{"logTime": "0304/122828", "correlationVector":"syadvaUBZJj1rzi0zJDZ5d.2","action":"Commit Response", "result":"SYNCER_OK", "context":Result: SYNCER_OK. cV=syadvaUBZJj1rzi0zJDZ5d.0;server=GENERAL0100000R;cloudType=Consumer;environment=Prod_SoutheastAsia_000j;migrationStage=NotStarted}
{"logTime": "0304/123107", "correlationVector":"sGCGj6Qr+3Bao5QulGOr0w","action":"Commit Request", "result":"", "context":Item count: 1
Contributing types: Sessions}
{"logTime": "0304/123107", "correlationVector":"sGCGj6Qr+3Bao5QulGOr0w.1","action":"SyncServerConnectionManagerRequest", "result":"SYNC_SERVER_OK", "context":{"environment":"Prod_SoutheastAsia_000j", "migrationStage":"NotStarted", "server":"GENERAL0100001B"}}
{"logTime": "0304/123107", "correlationVector":"sGCGj6Qr+3Bao5QulGOr0w.2","action":"Commit Response", "result":"SYNCER_OK", "context":Result: SYNCER_OK. cV=sGCGj6Qr+3Bao5QulGOr0w.0;server=GENERAL0100001B;cloudType=Consumer;environment=Prod_SoutheastAsia_000j;migrationStage=NotStarted}
{"logTime": "0304/123141", "correlationVector":"09Ui63dKPfuoISd2nUcQ54","action":"Commit Request", "result":"", "context":Item count: 1
Contributing types: Sessions}
{"logTime": "0304/123141", "correlationVector":"09Ui63dKPfuoISd2nUcQ54.1","action":"SyncServerConnectionManagerRequest", "result":"SYNC_SERVER_OK", "context":{"environment":"Prod_SoutheastAsia_000j", "migrationStage":"NotStarted", "server":"GENERAL0300000N"}}
{"logTime": "0304/123141", "correlationVector":"09Ui63dKPfuoISd2nUcQ54.2","action":"Commit Response", "result":"SYNCER_OK", "context":Result: SYNCER_OK. cV=09Ui63dKPfuoISd2nUcQ54.0;server=GENERAL0300000N;cloudType=Consumer;environment=Prod_SoutheastAsia_000j;migrationStage=NotStarted}
{"logTime": "0304/123212", "correlationVector":"tvO+u8RyD9IR15O72QRmjf","action":"Commit Request", "result":"", "context":Item count: 1
Contributing types: Sessions}
{"logTime": "0304/123213", "correlationVector":"tvO+u8RyD9IR15O72QRmjf.1","action":"SyncServerConnectionManagerRequest", "result":"SYNC_SERVER_OK", "context":{"environment":"Prod_SoutheastAsia_000j", "migrationStage":"NotStarted", "server":"GENERAL0300001T"}}
{"logTime": "0304/123213", "correlationVector":"tvO+u8RyD9IR15O72QRmjf.2","action":"Commit Response", "result":"SYNCER_OK", "context":Result: SYNCER_OK. cV=tvO+u8RyD9IR15O72QRmjf.0;server=GENERAL0300001T;cloudType=Consumer;environment=Prod_SoutheastAsia_000j;migrationStage=NotStarted}
{"logTime": "0304/124355", "correlationVector":"EAgHz/6tjZ49mf+VfYstHZ","action":"Commit Request", "result":"", "context":Item count: 1
Contributing types: Sessions}
{"logTime": "0304/124356", "correlationVector":"EAgHz/6tjZ49mf+VfYstHZ.1","action":"SyncServerConnectionManagerRequest", "result":"SYNC_SERVER_OK", "context":{"environment":"Prod_SoutheastAsia_000j", "migrationStage":"NotStarted", "server":"GENERAL0100000O"}}
{"logTime": "0304/124356", "correlationVector":"EAgHz/6tjZ49mf+VfYstHZ.2","action":"Commit Response", "result":"SYNCER_OK", "context":Result: SYNCER_OK. cV=EAgHz/6tjZ49mf+VfYstHZ.0;server=GENERAL0100000O;cloudType=Consumer;environment=Prod_SoutheastAsia_000j;migrationStage=NotStarted}
{"logTime": "0304/124405", "correlationVector":"3gdl6ug5u0D/PuOmWWAcrC","action":"Commit Request", "result":"", "context":Item count: 1
Contributing types: Device Info}
{"logTime": "0304/124405", "correlationVector":"3gdl6ug5u0D/PuOmWWAcrC.1","action":"SyncServerConnectionManagerRequest", "result":"SYNC_SERVER_OK", "context":{"environment":"Prod_SoutheastAsia_000j", "migrationStage":"NotStarted", "server":"general0300000G"}}
{"logTime": "0304/124405", "correlationVector":"3gdl6ug5u0D/PuOmWWAcrC.2","action":"Commit Response", "result":"SYNCER_OK", "context":Result: SYNCER_OK. cV=3gdl6ug5u0D/PuOmWWAcrC.0;server=general0300000G;cloudType=Consumer;environment=Prod_SoutheastAsia_000j;migrationStage=NotStarted}
{"logTime": "0304/124447", "correlationVector":"jqs2CHEyg/y0IJgDg5DdCT","action":"Commit Request", "result":"", "context":Item count: 1
Contributing types: Sessions}
{"logTime": "0304/124447", "correlationVector":"jqs2CHEyg/y0IJgDg5DdCT.1","action":"SyncServerConnectionManagerRequest", "result":"SYNC_SERVER_OK", "context":{"environment":"Prod_SoutheastAsia_000j", "migrationStage":"NotStarted", "server":"general0100001L"}}
{"logTime": "0304/124447", "correlationVector":"jqs2CHEyg/y0IJgDg5DdCT.2","action":"Commit Response", "result":"SYNCER_OK", "context":Result: SYNCER_OK. cV=jqs2CHEyg/y0IJgDg5DdCT.0;server=general0100001L;cloudType=Consumer;environment=Prod_SoutheastAsia_000j;migrationStage=NotStarted}
{"logTime": "0304/124951", "correlationVector":"uTWkuz3YgSOVWsLsTrPWve","action":"Commit Request", "result":"", "context":Item count: 1
Contributing types: Sessions}
{"logTime": "0304/124951", "correlationVector":"uTWkuz3YgSOVWsLsTrPWve.1","action":"SyncServerConnectionManagerRequest", "result":"SYNC_SERVER_OK", "context":{"environment":"Prod_SoutheastAsia_000j", "migrationStage":"NotStarted", "server":"GENERAL03000014"}}
{"logTime": "0304/124951", "correlationVector":"uTWkuz3YgSOVWsLsTrPWve.2","action":"Commit Response", "result":"SYNCER_OK", "context":Result: SYNCER_OK. cV=uTWkuz3YgSOVWsLsTrPWve.0;server=GENERAL03000014;cloudType=Consumer;environment=Prod_SoutheastAsia_000j;migrationStage=NotStarted}
{"logTime": "0304/125049", "correlationVector":"wUvfgDdLACVVBH5kcLRRBT","action":"Commit Request", "result":"", "context":Item count: 1
Contributing types: Sessions}
{"logTime": "0304/125049", "correlationVector":"wUvfgDdLACVVBH5kcLRRBT.1","action":"SyncServerConnectionManagerRequest", "result":"SYNC_SERVER_OK", "context":{"environment":"Prod_SoutheastAsia_000j", "migrationStage":"NotStarted", "server":"GENERAL0300000L"}}
{"logTime": "0304/125049", "correlationVector":"wUvfgDdLACVVBH5kcLRRBT.2","action":"Commit Response", "result":"SYNCER_OK", "context":Result: SYNCER_OK. cV=wUvfgDdLACVVBH5kcLRRBT.0;server=GENERAL0300000L;cloudType=Consumer;environment=Prod_SoutheastAsia_000j;migrationStage=NotStarted}
{"logTime": "0304/125237", "correlationVector":"BPxXmjTGokZ67ZUeUqe41R","action":"Commit Request", "result":"", "context":Item count: 1
Contributing types: Sessions}
{"logTime": "0304/125237", "correlationVector":"BPxXmjTGokZ67ZUeUqe41R.1","action":"SyncServerConnectionManagerRequest", "result":"SYNC_SERVER_OK", "context":{"environment":"Prod_SoutheastAsia_000j", "migrationStage":"NotStarted", "server":"GENERAL0300000Q"}}
{"logTime": "0304/125237", "correlationVector":"BPxXmjTGokZ67ZUeUqe41R.2","action":"Commit Response", "result":"SYNCER_OK", "context":Result: SYNCER_OK. cV=BPxXmjTGokZ67ZUeUqe41R.0;server=GENERAL0300000Q;cloudType=Consumer;environment=Prod_SoutheastAsia_000j;migrationStage=NotStarted}
{"logTime": "0304/125347", "correlationVector":"8crEiUopFoVpw+O/5lIAkt","action":"Commit Request", "result":"", "context":Item count: 1
Contributing types: Sessions}
{"logTime": "0304/125348", "correlationVector":"8crEiUopFoVpw+O/5lIAkt.1","action":"SyncServerConnectionManagerRequest", "result":"SYNC_SERVER_OK", "context":{"environment":"Prod_SoutheastAsia_000j", "migrationStage":"NotStarted", "server":"GENERAL03000002"}}
{"logTime": "0304/125348", "correlationVector":"8crEiUopFoVpw+O/5lIAkt.2","action":"Commit Response", "result":"SYNCER_OK", "context":Result: SYNCER_OK. cV=8crEiUopFoVpw+O/5lIAkt.0;server=GENERAL03000002;cloudType=Consumer;environment=Prod_SoutheastAsia_000j;migrationStage=NotStarted}
{"logTime": "0304/125548", "correlationVector":"bY6jMR//BWzzBo5TrhQaaB","action":"Normal GetUpdate request", "result":"", "context":cV=bY6jMR//BWzzBo5TrhQaaB
Nudged types: Sessions}
{"logTime": "0304/125548", "correlationVector":"bY6jMR//BWzzBo5TrhQaaB.1","action":"SyncServerConnectionManagerRequest", "result":"SYNC_SERVER_OK", "context":{"environment":"Prod_SoutheastAsia_000j", "migrationStage":"NotStarted", "server":"GENERAL0100001F"}}
{"logTime": "0304/125548", "correlationVector":"bY6jMR//BWzzBo5TrhQaaB.2","action":"GetUpdates", "result":"DeleteReceived", "context":{"id":"2f4593a4-e935-4fed-b40e-1bd40b511efe", "isDeleted:":"true", "version":"1709555156089"}}
{"logTime": "0304/125548", "correlationVector":"bY6jMR//BWzzBo5TrhQaaB.3","action":"GetUpdates", "result":"DeleteReceived", "context":{"id":"ac14859f-a4d9-438c-839b-3dbb5cd3a79c", "isDeleted:":"true", "version":"1709555156090"}}
{"logTime": "0304/125548", "correlationVector":"bY6jMR//BWzzBo5TrhQaaB.4","action":"GetUpdates Response", "result":"SYNCER_OK", "context":Received 7 update(s). cV=bY6jMR//BWzzBo5TrhQaaB.0;server=GENERAL0100001F;cloudType=Consumer;environment=Prod_SoutheastAsia_000j;migrationStage=NotStarted}
{"logTime": "0304/125548", "correlationVector":"ljVIyjlf0Gvg+H0NmoB+kO","action":"Commit Request", "result":"", "context":Item count: 1
Contributing types: Sessions}
{"logTime": "0304/125549", "correlationVector":"ljVIyjlf0Gvg+H0NmoB+kO.1","action":"SyncServerConnectionManagerRequest", "result":"SYNC_SERVER_OK", "context":{"environment":"Prod_SoutheastAsia_000j", "migrationStage":"NotStarted", "server":"GENERAL0100000S"}}
{"logTime": "0304/125549", "correlationVector":"ljVIyjlf0Gvg+H0NmoB+kO.2","action":"Commit Response", "result":"SYNCER_OK", "context":Result: SYNCER_OK. cV=ljVIyjlf0Gvg+H0NmoB+kO.0;server=GENERAL0100000S;cloudType=Consumer;environment=Prod_SoutheastAsia_000j;migrationStage=NotStarted}
{"logTime": "0304/125619", "correlationVector":"+YQAxkR8Otgh4h8Zv2FgvE","action":"Normal GetUpdate request", "result":"", "context":cV=+YQAxkR8Otgh4h8Zv2FgvE
Nudged types: Sessions}
{"logTime": "0304/125619", "correlationVector":"+YQAxkR8Otgh4h8Zv2FgvE.1","action":"SyncServerConnectionManagerRequest", "result":"SYNC_SERVER_OK", "context":{"environment":"Prod_SoutheastAsia_000j", "migrationStage":"NotStarted", "server":"GENERAL03000027"}}
{"logTime": "0304/125619", "correlationVector":"+YQAxkR8Otgh4h8Zv2FgvE.2","action":"GetUpdates Response", "result":"SYNCER_OK", "context":Received 1 update(s). cV=+YQAxkR8Otgh4h8Zv2FgvE.0;server=GENERAL03000027;cloudType=Consumer;environment=Prod_SoutheastAsia_000j;migrationStage=NotStarted}
{"logTime": "0304/125619", "correlationVector":"G9z5QTb0OdiUPBKNhgBVKJ","action":"Commit Request", "result":"", "context":Item count: 1
Contributing types: Sessions}
{"logTime": "0304/125619", "correlationVector":"G9z5QTb0OdiUPBKNhgBVKJ.1","action":"SyncServerConnectionManagerRequest", "result":"SYNC_SERVER_OK", "context":{"environment":"Prod_SoutheastAsia_000j", "migrationStage":"NotStarted", "server":"general0100001A"}}
{"logTime": "0304/125619", "correlationVector":"G9z5QTb0OdiUPBKNhgBVKJ.2","action":"Commit Response", "result":"SYNCER_OK", "context":Result: SYNCER_OK. cV=G9z5QTb0OdiUPBKNhgBVKJ.0;server=general0100001A;cloudType=Consumer;environment=Prod_SoutheastAsia_000j;migrationStage=NotStarted}
{"logTime": "0304/125649", "correlationVector":"8wuyygt2hyeYgMs6JgxPob","action":"Normal GetUpdate request", "result":"", "context":cV=8wuyygt2hyeYgMs6JgxPob
Nudged types: Sessions}
{"logTime": "0304/125651", "correlationVector":"8wuyygt2hyeYgMs6JgxPob.1","action":"SyncServerConnectionManagerRequest", "result":"SYNC_SERVER_OK", "context":{"environment":"Prod_SoutheastAsia_000j", "migrationStage":"NotStarted", "server":"general0300000G"}}
{"logTime": "0304/125651", "correlationVector":"8wuyygt2hyeYgMs6JgxPob.2","action":"GetUpdates Response", "result":"SYNCER_OK", "context":Received 1 update(s). cV=8wuyygt2hyeYgMs6JgxPob.0;server=general0300000G;cloudType=Consumer;environment=Prod_SoutheastAsia_000j;migrationStage=NotStarted}
{"logTime": "0304/125651", "correlationVector":"Mcpbf6es36VC4A1Aaple2w","action":"Commit Request", "result":"", "context":Item count: 1
Contributing types: Sessions}
{"logTime": "0304/125652", "correlationVector":"Mcpbf6es36VC4A1Aaple2w.1","action":"SyncServerConnectionManagerRequest", "result":"SYNC_SERVER_OK", "context":{"environment":"Prod_SoutheastAsia_000j", "migrationStage":"NotStarted", "server":"GENERAL0100000Y"}}
{"logTime": "0304/125652", "correlationVector":"Mcpbf6es36VC4A1Aaple2w.2","action":"Commit Response", "result":"SYNCER_OK", "context":Result: SYNCER_OK. cV=Mcpbf6es36VC4A1Aaple2w.0;server=GENERAL0100000Y;cloudType=Consumer;environment=Prod_SoutheastAsia_000j;migrationStage=NotStarted}
{"logTime": "0304/125722", "correlationVector":"b5Rj89lvx5ruSIMtkHbAts","action":"Normal GetUpdate request", "result":"", "context":cV=b5Rj89lvx5ruSIMtkHbAts
Nudged types: Sessions}
{"logTime": "0304/125722", "correlationVector":"b5Rj89lvx5ruSIMtkHbAts.1","action":"SyncServerConnectionManagerRequest", "result":"SYNC_SERVER_OK", "context":{"environment":"Prod_SoutheastAsia_000j", "migrationStage":"NotStarted", "server":"GENERAL0100000Z"}}
{"logTime": "0304/125722", "correlationVector":"b5Rj89lvx5ruSIMtkHbAts.2","action":"GetUpdates Response", "result":"SYNCER_OK", "context":Received 1 update(s). cV=b5Rj89lvx5ruSIMtkHbAts.0;server=GENERAL0100000Z;cloudType=Consumer;environment=Prod_SoutheastAsia_000j;migrationStage=NotStarted}
{"logTime": "0304/125831", "correlationVector":"gQBpRiQtuCSaKhdi7KfEsW","action":"Normal GetUpdate request", "result":"", "context":cV=gQBpRiQtuCSaKhdi7KfEsW
Refresh requested types: Bookmarks, Preferences, Passwords, Autofill Profiles, Autofill, Typed URLs, Extensions, Sessions, Extension settings, History Delete Directives, Device Info, User Consents, Send Tab To Self, Web Apps, Collection, Edge E Drop, Edge Hub App Usage, Edge Wallet, Encryption Keys}
{"logTime": "0304/125833", "correlationVector":"gQBpRiQtuCSaKhdi7KfEsW.1","action":"SyncServerConnectionManagerRequest", "result":"SYNC_SERVER_OK", "context":{"environment":"Prod_SoutheastAsia_000j", "migrationStage":"NotStarted", "server":"GENERAL03000025"}}
{"logTime": "0304/125833", "correlationVector":"gQBpRiQtuCSaKhdi7KfEsW.2","action":"GetUpdates Response", "result":"SYNCER_OK", "context":Received 0 update(s). cV=gQBpRiQtuCSaKhdi7KfEsW.0;server=GENERAL03000025;cloudType=Consumer;environment=Prod_SoutheastAsia_000j;migrationStage=NotStarted}
{"logTime": "0304/130224", "correlationVector":"6DF42v2lAjKf2DWWAJiKpR","action":"Commit Request", "result":"", "context":Item count: 1
Contributing types: Sessions}
{"logTime": "0304/130225", "correlationVector":"6DF42v2lAjKf2DWWAJiKpR.1","action":"SyncServerConnectionManagerRequest", "result":"SYNC_SERVER_OK", "context":{"environment":"Prod_SoutheastAsia_000j", "migrationStage":"NotStarted", "server":"general0100001L"}}
{"logTime": "0304/130225", "correlationVector":"6DF42v2lAjKf2DWWAJiKpR.2","action":"Commit Response", "result":"SYNCER_OK", "context":Result: SYNCER_OK. cV=6DF42v2lAjKf2DWWAJiKpR.0;server=general0100001L;cloudType=Consumer;environment=Prod_SoutheastAsia_000j;migrationStage=NotStarted}
{"logTime": "0304/130521", "correlationVector":"org65DALZLcPU7WYCE8Juq","action":"Commit Request", "result":"", "context":Item count: 1
Contributing types: Sessions}
{"logTime": "0304/130521", "correlationVector":"org65DALZLcPU7WYCE8Juq.1","action":"SyncServerConnectionManagerRequest", "result":"SYNC_SERVER_OK", "context":{"environment":"Prod_SoutheastAsia_000j", "migrationStage":"NotStarted", "server":"GENERAL0100001F"}}
{"logTime": "0304/130521", "correlationVector":"org65DALZLcPU7WYCE8Juq.2","action":"Commit Response", "result":"SYNCER_OK", "context":Result: SYNCER_OK. cV=org65DALZLcPU7WYCE8Juq.0;server=GENERAL0100001F;cloudType=Consumer;environment=Prod_SoutheastAsia_000j;migrationStage=NotStarted}
{"logTime": "0304/131000", "correlationVector":"ov48rdLjKQ4WXDEPCO+Mc0","action":"Commit Request", "result":"", "context":Item count: 1
Contributing types: Sessions}
{"logTime": "0304/131000", "correlationVector":"ov48rdLjKQ4WXDEPCO+Mc0.1","action":"SyncServerConnectionManagerRequest", "result":"SYNC_SERVER_OK", "context":{"environment":"Prod_SoutheastAsia_000j", "migrationStage":"NotStarted", "server":"GENERAL0100001F"}}
{"logTime": "0304/131000", "correlationVector":"ov48rdLjKQ4WXDEPCO+Mc0.2","action":"Commit Response", "result":"SYNCER_OK", "context":Result: SYNCER_OK. cV=ov48rdLjKQ4WXDEPCO+Mc0.0;server=GENERAL0100001F;cloudType=Consumer;environment=Prod_SoutheastAsia_000j;migrationStage=NotStarted}
{"logTime": "0304/132329", "correlationVector":"kVT2GckVsh3kpm64kvz9ns","action":"Normal GetUpdate request", "result":"", "context":cV=kVT2GckVsh3kpm64kvz9ns
Refresh requested types: Bookmarks, Preferences, Passwords, Autofill Profiles, Autofill, Typed URLs, Extensions, Sessions, Extension settings, History Delete Directives, Device Info, User Consents, Send Tab To Self, Web Apps, Collection, Edge E Drop, Edge Hub App Usage, Edge Wallet, Encryption Keys}
{"logTime": "0304/132330", "correlationVector":"kVT2GckVsh3kpm64kvz9ns.1","action":"SyncServerConnectionManagerRequest", "result":"SYNC_SERVER_OK", "context":{"environment":"Prod_SoutheastAsia_000j", "migrationStage":"NotStarted", "server":"GENERAL0300001Z"}}
{"logTime": "0304/132330", "correlationVector":"kVT2GckVsh3kpm64kvz9ns.2","action":"GetUpdates Response", "result":"SYNCER_OK", "context":Received 3 update(s). cV=kVT2GckVsh3kpm64kvz9ns.0;server=GENERAL0300001Z;cloudType=Consumer;environment=Prod_SoutheastAsia_000j;migrationStage=NotStarted}
{"logTime": "0304/132901", "correlationVector":"Ur1BX7DgJ95X79uoRt+HqH","action":"Normal GetUpdate request", "result":"", "context":cV=Ur1BX7DgJ95X79uoRt+HqH
Refresh requested types: Bookmarks, Preferences, Passwords, Autofill Profiles, Autofill, Typed URLs, Extensions, Sessions, Extension settings, History Delete Directives, Device Info, User Consents, Send Tab To Self, Web Apps, Collection, Edge E Drop, Edge Hub App Usage, Edge Wallet, Encryption Keys}
{"logTime": "0304/132902", "correlationVector":"Ur1BX7DgJ95X79uoRt+HqH.1","action":"SyncServerConnectionManagerRequest", "result":"SYNC_SERVER_OK", "context":{"environment":"Prod_SoutheastAsia_000j", "migrationStage":"NotStarted", "server":"GENERAL0300001X"}}
{"logTime": "0304/132902", "correlationVector":"Ur1BX7DgJ95X79uoRt+HqH.2","action":"GetUpdates Response", "result":"SYNCER_OK", "context":Received 0 update(s). cV=Ur1BX7DgJ95X79uoRt+HqH.0;server=GENERAL0300001X;cloudType=Consumer;environment=Prod_SoutheastAsia_000j;migrationStage=NotStarted}
{"logTime": "0304/133401", "correlationVector":"zJjQUi2AU49l9Pzh2pfYn3","action":"Normal GetUpdate request", "result":"", "context":cV=zJjQUi2AU49l9Pzh2pfYn3
Refresh requested types: Bookmarks, Preferences, Passwords, Autofill Profiles, Autofill, Typed URLs, Extensions, Sessions, Extension settings, History Delete Directives, Device Info, User Consents, Send Tab To Self, Web Apps, Collection, Edge E Drop, Edge Hub App Usage, Edge Wallet, Encryption Keys}
{"logTime": "0304/133401", "correlationVector":"zJjQUi2AU49l9Pzh2pfYn3.1","action":"SyncServerConnectionManagerRequest", "result":"SYNC_SERVER_OK", "context":{"environment":"Prod_SoutheastAsia_000j", "migrationStage":"NotStarted", "server":"GENERAL03000007"}}
{"logTime": "0304/133401", "correlationVector":"zJjQUi2AU49l9Pzh2pfYn3.2","action":"GetUpdates Response", "result":"SYNCER_OK", "context":Received 0 update(s). cV=zJjQUi2AU49l9Pzh2pfYn3.0;server=GENERAL03000007;cloudType=Consumer;environment=Prod_SoutheastAsia_000j;migrationStage=NotStarted}
{"logTime": "0304/183719", "correlationVector":"gGiIbksJK9pSjspIuVCOmd.1","action":"SyncServerConnectionManagerRequest", "result":"SYNC_SERVER_OK", "context":{"environment":"Prod_SoutheastAsia_000j", "migrationStage":"NotStarted", "server":"GENERAL0100000R"}}
{"logTime": "0304/183719", "correlationVector":"gGiIbksJK9pSjspIuVCOmd","action":"Initial GetUpdates", "result":"", "context":Reason: NEW_CLIENT. cV=gGiIbksJK9pSjspIuVCOmd}
{"logTime": "0304/183719", "correlationVector":"gGiIbksJK9pSjspIuVCOmd.2","action":"GetUpdates Response", "result":"SYNCER_OK", "context":Received 1 update(s). cV=gGiIbksJK9pSjspIuVCOmd.0;server=GENERAL0100000R;cloudType=Consumer;environment=Prod_SoutheastAsia_000j;migrationStage=NotStarted}
{"logTime": "0304/183719", "correlationVector":"EdU0Dy65BbNz6F/UglB/Z2","action":"Initial GetUpdates", "result":"", "context":Reason: NEWLY_SUPPORTED_DATATYPE. cV=EdU0Dy65BbNz6F/UglB/Z2}
{"logTime": "0304/183719", "correlationVector":"EdU0Dy65BbNz6F/UglB/Z2.1","action":"SyncServerConnectionManagerRequest", "result":"SYNC_SERVER_OK", "context":{"environment":"Prod_SoutheastAsia_000j", "migrationStage":"NotStarted", "server":"GENERAL03000029"}}
{"logTime": "0304/183719", "correlationVector":"EdU0Dy65BbNz6F/UglB/Z2.2","action":"GetUpdates Response", "result":"SYNCER_OK", "context":Received 30 update(s). cV=EdU0Dy65BbNz6F/UglB/Z2.0;server=GENERAL03000029;cloudType=Consumer;environment=Prod_SoutheastAsia_000j;migrationStage=NotStarted}
{"logTime": "0304/183719", "correlationVector":"wyclwKDQVnEq31ajp3S6mw","action":"SyncServerConnectionManagerRequest", "result":"SYNC_SERVER_OK", "context":{"environment":"", "migrationStage":"", "server":""}}
{"logTime": "0304/183719", "correlationVector":"piVxNT95GkrsELwOdFlHAX","action":"Normal GetUpdate request", "result":"", "context":cV=piVxNT95GkrsELwOdFlHAX
Nudged types: Sessions
Refresh requested types: Bookmarks, Preferences, Passwords, Autofill Profiles, Autofill, Typed URLs, Extensions, Sessions, Extension settings, History Delete Directives, Device Info, User Consents, Send Tab To Self, Web Apps, Collection, Edge E Drop, Edge Hub App Usage, Edge Wallet, Encryption Keys}
{"logTime": "0304/183719", "correlationVector":"piVxNT95GkrsELwOdFlHAX.1","action":"SyncServerConnectionManagerRequest", "result":"SYNC_SERVER_OK", "context":{"environment":"Prod_SoutheastAsia_000j", "migrationStage":"NotStarted", "server":"GENERAL0100000Y"}}
{"logTime": "0304/183719", "correlationVector":"piVxNT95GkrsELwOdFlHAX.2","action":"GetUpdates Response", "result":"SYNCER_OK", "context":Received 0 update(s). cV=piVxNT95GkrsELwOdFlHAX.0;server=GENERAL0100000Y;cloudType=Consumer;environment=Prod_SoutheastAsia_000j;migrationStage=NotStarted}
{"logTime": "0304/183719", "correlationVector":"6xK6+zVBnxABJdmNq9n4EY","action":"Commit Request", "result":"", "context":Item count: 3
Contributing types: Sessions}
{"logTime": "0304/183719", "correlationVector":"6xK6+zVBnxABJdmNq9n4EY.1","action":"SyncServerConnectionManagerRequest", "result":"SYNC_SERVER_OK", "context":{"environment":"Prod_SoutheastAsia_000j", "migrationStage":"NotStarted", "server":"GENERAL0300001W"}}
{"logTime": "0304/183719", "correlationVector":"6xK6+zVBnxABJdmNq9n4EY.2","action":"Commit Response", "result":"SYNCER_OK", "context":Result: SYNCER_OK. cV=6xK6+zVBnxABJdmNq9n4EY.0;server=GENERAL0300001W;cloudType=Consumer;environment=Prod_SoutheastAsia_000j;migrationStage=NotStarted}
{"logTime": "0304/183719", "correlationVector":"6xK6+zVBnxABJdmNq9n4EY.3","action":"Commit.Sessions", "result":"Success", "context":{"id":"f0233446-5d8f-495a-88fc-c48b6e56d8cd", "isDeleted":"true", "size":"0", "version":"1709557800758"}}
{"logTime": "0304/183719", "correlationVector":"HbrP0o87FBhw+1LFgpjH1o","action":"Normal GetUpdate request", "result":"", "context":cV=HbrP0o87FBhw+1LFgpjH1o
Nudged types: Sessions
Refresh requested types: Bookmarks, Preferences, Passwords, Autofill Profiles, Autofill, Typed URLs, Extensions, Sessions, Extension settings, History Delete Directives, Device Info, User Consents, Send Tab To Self, Web Apps, Collection, Edge E Drop, Edge Hub App Usage, Edge Wallet, Encryption Keys}
{"logTime": "0304/183719", "correlationVector":"HbrP0o87FBhw+1LFgpjH1o.1","action":"SyncServerConnectionManagerRequest", "result":"SYNC_SERVER_OK", "context":{"environment":"Prod_SoutheastAsia_000j", "migrationStage":"NotStarted", "server":"GENERAL0300001W"}}
{"logTime": "0304/183719", "correlationVector":"HbrP0o87FBhw+1LFgpjH1o.2","action":"GetUpdates", "result":"DeleteReceived", "context":{"id":"f0233446-5d8f-495a-88fc-c48b6e56d8cd", "isDeleted:":"true", "version":"1709577433329"}}
{"logTime": "0304/183719", "correlationVector":"HbrP0o87FBhw+1LFgpjH1o.3","action":"GetUpdates Response", "result":"SYNCER_OK", "context":Received 3 update(s). cV=HbrP0o87FBhw+1LFgpjH1o.0;server=GENERAL0300001W;cloudType=Consumer;environment=Prod_SoutheastAsia_000j;migrationStage=NotStarted}
{"logTime": "0304/183743", "correlationVector":"dweZGJvY1i3hboliKiYZH2","action":"Commit Request", "result":"", "context":Item count: 1
Contributing types: Sessions}
{"logTime": "0304/183743", "correlationVector":"dweZGJvY1i3hboliKiYZH2.1","action":"SyncServerConnectionManagerRequest", "result":"SYNC_SERVER_OK", "context":{"environment":"Prod_SoutheastAsia_000j", "migrationStage":"NotStarted", "server":"GENERAL0100000W"}}
{"logTime": "0304/183743", "correlationVector":"dweZGJvY1i3hboliKiYZH2.2","action":"Commit Response", "result":"SYNCER_OK", "context":Result: SYNCER_OK. cV=dweZGJvY1i3hboliKiYZH2.0;server=GENERAL0100000W;cloudType=Consumer;environment=Prod_SoutheastAsia_000j;migrationStage=NotStarted}
{"logTime": "0304/184212", "correlationVector":"dHLAAGlT63I4VkECkSaeqL","action":"Normal GetUpdate request", "result":"", "context":cV=dHLAAGlT63I4VkECkSaeqL
Refresh requested types: Bookmarks, Preferences, Passwords, Autofill Profiles, Autofill, Typed URLs, Extensions, Sessions, Extension settings, History Delete Directives, Device Info, User Consents, Send Tab To Self, Web Apps, Collection, Edge E Drop, Edge Hub App Usage, Edge Wallet, Encryption Keys}
{"logTime": "0304/184212", "correlationVector":"dHLAAGlT63I4VkECkSaeqL.1","action":"SyncServerConnectionManagerRequest", "result":"SYNC_SERVER_OK", "context":{"environment":"Prod_SoutheastAsia_000j", "migrationStage":"NotStarted", "server":"GENERAL03000027"}}
{"logTime": "0304/184212", "correlationVector":"dHLAAGlT63I4VkECkSaeqL.2","action":"GetUpdates Response", "result":"SYNCER_OK", "context":Received 1 update(s). cV=dHLAAGlT63I4VkECkSaeqL.0;server=GENERAL03000027;cloudType=Consumer;environment=Prod_SoutheastAsia_000j;migrationStage=NotStarted}
{"logTime": "0304/190114", "correlationVector":"D9mAU/lPVKXrvR0/UqfgNs","action":"Commit Request", "result":"", "context":Item count: 1
Contributing types: Sessions}
{"logTime": "0304/190114", "correlationVector":"D9mAU/lPVKXrvR0/UqfgNs.1","action":"SyncServerConnectionManagerRequest", "result":"SYNC_SERVER_OK", "context":{"environment":"Prod_SoutheastAsia_000j", "migrationStage":"NotStarted", "server":"GENERAL0100000D"}}
{"logTime": "0304/190114", "correlationVector":"D9mAU/lPVKXrvR0/UqfgNs.2","action":"Commit Response", "result":"SYNCER_OK", "context":Result: SYNCER_OK. cV=D9mAU/lPVKXrvR0/UqfgNs.0;server=GENERAL0100000D;cloudType=Consumer;environment=Prod_SoutheastAsia_000j;migrationStage=NotStarted}
{"logTime": "0304/190203", "correlationVector":"49NwBwKF3n1wFzpuVjLIgU","action":"Commit Request", "result":"", "context":Item count: 1
Contributing types: Sessions}
{"logTime": "0304/190203", "correlationVector":"49NwBwKF3n1wFzpuVjLIgU.1","action":"SyncServerConnectionManagerRequest", "result":"SYNC_SERVER_OK", "context":{"environment":"Prod_SoutheastAsia_000j", "migrationStage":"NotStarted", "server":"general0100000H"}}
{"logTime": "0304/190203", "correlationVector":"49NwBwKF3n1wFzpuVjLIgU.2","action":"Commit Response", "result":"SYNCER_OK", "context":Result: SYNCER_OK. cV=49NwBwKF3n1wFzpuVjLIgU.0;server=general0100000H;cloudType=Consumer;environment=Prod_SoutheastAsia_000j;migrationStage=NotStarted}
{"logTime": "0304/190248", "correlationVector":"vujnp1yGeNd+laoD+Zj1E6","action":"Commit Request", "result":"", "context":Item count: 1
Contributing types: Sessions}
{"logTime": "0304/190248", "correlationVector":"vujnp1yGeNd+laoD+Zj1E6.1","action":"SyncServerConnectionManagerRequest", "result":"SYNC_SERVER_OK", "context":{"environment":"Prod_SoutheastAsia_000j", "migrationStage":"NotStarted", "server":"general01000009"}}
{"logTime": "0304/190248", "correlationVector":"vujnp1yGeNd+laoD+Zj1E6.2","action":"Commit Response", "result":"SYNCER_OK", "context":Result: SYNCER_OK. cV=vujnp1yGeNd+laoD+Zj1E6.0;server=general01000009;cloudType=Consumer;environment=Prod_SoutheastAsia_000j;migrationStage=NotStarted}
{"logTime": "0304/190325", "correlationVector":"+YNZPRXzYC9P/YYuudlunp","action":"Commit Request", "result":"", "context":Item count: 1
Contributing types: Sessions}
{"logTime": "0304/190325", "correlationVector":"+YNZPRXzYC9P/YYuudlunp.1","action":"SyncServerConnectionManagerRequest", "result":"SYNC_SERVER_OK", "context":{"environment":"Prod_SoutheastAsia_000j", "migrationStage":"NotStarted", "server":"GENERAL0300001X"}}
{"logTime": "0304/190325", "correlationVector":"+YNZPRXzYC9P/YYuudlunp.2","action":"Commit Response", "result":"SYNCER_OK", "context":Result: SYNCER_OK. cV=+YNZPRXzYC9P/YYuudlunp.0;server=GENERAL0300001X;cloudType=Consumer;environment=Prod_SoutheastAsia_000j;migrationStage=NotStarted}
{"logTime": "0304/192444", "correlationVector":"gpB+EDlYPOWnhS0oDzEDq+","action":"Commit Request", "result":"", "context":Item count: 1
Contributing types: Sessions}
{"logTime": "0304/192444", "correlationVector":"gpB+EDlYPOWnhS0oDzEDq+.1","action":"SyncServerConnectionManagerRequest", "result":"SYNC_SERVER_OK", "context":{"environment":"Prod_SoutheastAsia_000j", "migrationStage":"NotStarted", "server":"GENERAL0300000B"}}
{"logTime": "0304/192444", "correlationVector":"gpB+EDlYPOWnhS0oDzEDq+.2","action":"Commit Response", "result":"SYNCER_OK", "context":Result: SYNCER_OK. cV=gpB+EDlYPOWnhS0oDzEDq+.0;server=GENERAL0300000B;cloudType=Consumer;environment=Prod_SoutheastAsia_000j;migrationStage=NotStarted}
{"logTime": "0304/192554", "correlationVector":"3V15Cv71nh5Q1Sdk9ZxOkq","action":"Commit Request", "result":"", "context":Item count: 1
Contributing types: Sessions}
{"logTime": "0304/192554", "correlationVector":"3V15Cv71nh5Q1Sdk9ZxOkq.1","action":"SyncServerConnectionManagerRequest", "result":"SYNC_SERVER_OK", "context":{"environment":"Prod_SoutheastAsia_000j", "migrationStage":"NotStarted", "server":"GENERAL0300001Z"}}
{"logTime": "0304/192554", "correlationVector":"3V15Cv71nh5Q1Sdk9ZxOkq.2","action":"Commit Response", "result":"SYNCER_OK", "context":Result: SYNCER_OK. cV=3V15Cv71nh5Q1Sdk9ZxOkq.0;server=GENERAL0300001Z;cloudType=Consumer;environment=Prod_SoutheastAsia_000j;migrationStage=NotStarted}
{"logTime": "0304/194412", "correlationVector":"Tbl2trgNvPuRLk9zEtHvxP","action":"Commit Request", "result":"", "context":Item count: 1
Contributing types: Sessions}
{"logTime": "0304/194412", "correlationVector":"Tbl2trgNvPuRLk9zEtHvxP.1","action":"SyncServerConnectionManagerRequest", "result":"SYNC_SERVER_OK", "context":{"environment":"Prod_SoutheastAsia_000j", "migrationStage":"NotStarted", "server":"general0100001L"}}
{"logTime": "0304/194412", "correlationVector":"Tbl2trgNvPuRLk9zEtHvxP.2","action":"Commit Response", "result":"SYNCER_OK", "context":Result: SYNCER_OK. cV=Tbl2trgNvPuRLk9zEtHvxP.0;server=general0100001L;cloudType=Consumer;environment=Prod_SoutheastAsia_000j;migrationStage=NotStarted}
{"logTime": "0304/194520", "correlationVector":"Axld+X1Lj9y8ddti0JaTMh","action":"Commit Request", "result":"", "context":Item count: 1
Contributing types: Sessions}
{"logTime": "0304/194520", "correlationVector":"Axld+X1Lj9y8ddti0JaTMh.1","action":"SyncServerConnectionManagerRequest", "result":"SYNC_SERVER_OK", "context":{"environment":"Prod_SoutheastAsia_000j", "migrationStage":"NotStarted", "server":"GENERAL0100000S"}}
{"logTime": "0304/194520", "correlationVector":"Axld+X1Lj9y8ddti0JaTMh.2","action":"Commit Response", "result":"SYNCER_OK", "context":Result: SYNCER_OK. cV=Axld+X1Lj9y8ddti0JaTMh.0;server=GENERAL0100000S;cloudType=Consumer;environment=Prod_SoutheastAsia_000j;migrationStage=NotStarted}
{"logTime": "0304/194559", "correlationVector":"kdW8X+rwQj74XL+Gg1QZOm","action":"Commit Request", "result":"", "context":Item count: 1
Contributing types: Sessions}
{"logTime": "0304/194559", "correlationVector":"kdW8X+rwQj74XL+Gg1QZOm.1","action":"SyncServerConnectionManagerRequest", "result":"SYNC_SERVER_OK", "context":{"environment":"Prod_SoutheastAsia_000j", "migrationStage":"NotStarted", "server":"GENERAL03000003"}}
{"logTime": "0304/194559", "correlationVector":"kdW8X+rwQj74XL+Gg1QZOm.2","action":"Commit Response", "result":"SYNCER_OK", "context":Result: SYNCER_OK. cV=kdW8X+rwQj74XL+Gg1QZOm.0;server=GENERAL03000003;cloudType=Consumer;environment=Prod_SoutheastAsia_000j;migrationStage=NotStarted}
{"logTime": "0304/194634", "correlationVector":"PyHy9SM5ocZQ0aTURzWEpu","action":"Commit Request", "result":"", "context":Item count: 1
Contributing types: Sessions}
{"logTime": "0304/194634", "correlationVector":"PyHy9SM5ocZQ0aTURzWEpu.1","action":"SyncServerConnectionManagerRequest", "result":"SYNC_SERVER_OK", "context":{"environment":"Prod_SoutheastAsia_000j", "migrationStage":"NotStarted", "server":"GENERAL03000027"}}
{"logTime": "0304/194634", "correlationVector":"PyHy9SM5ocZQ0aTURzWEpu.2","action":"Commit Response", "result":"SYNCER_OK", "context":Result: SYNCER_OK. cV=PyHy9SM5ocZQ0aTURzWEpu.0;server=GENERAL03000027;cloudType=Consumer;environment=Prod_SoutheastAsia_000j;migrationStage=NotStarted}
{"logTime": "0304/194734", "correlationVector":"2drfEVw4JVNN8G4ZXjivz8","action":"Commit Request", "result":"", "context":Item count: 1
Contributing types: Sessions}
{"logTime": "0304/194734", "correlationVector":"2drfEVw4JVNN8G4ZXjivz8.1","action":"SyncServerConnectionManagerRequest", "result":"SYNC_SERVER_OK", "context":{"environment":"Prod_SoutheastAsia_000j", "migrationStage":"NotStarted", "server":"general0100001A"}}
{"logTime": "0304/194734", "correlationVector":"2drfEVw4JVNN8G4ZXjivz8.2","action":"Commit Response", "result":"SYNCER_OK", "context":Result: SYNCER_OK. cV=2drfEVw4JVNN8G4ZXjivz8.0;server=general0100001A;cloudType=Consumer;environment=Prod_SoutheastAsia_000j;migrationStage=NotStarted}
{"logTime": "0304/194834", "correlationVector":"A5F53v9/slpH0jRS6vfroY","action":"Commit Request", "result":"", "context":Item count: 1
Contributing types: Sessions}
{"logTime": "0304/194834", "correlationVector":"A5F53v9/slpH0jRS6vfroY.1","action":"SyncServerConnectionManagerRequest", "result":"SYNC_SERVER_OK", "context":{"environment":"Prod_SoutheastAsia_000j", "migrationStage":"NotStarted", "server":"general03000013"}}
{"logTime": "0304/194834", "correlationVector":"A5F53v9/slpH0jRS6vfroY.2","action":"Commit Response", "result":"SYNCER_OK", "context":Result: SYNCER_OK. cV=A5F53v9/slpH0jRS6vfroY.0;server=general03000013;cloudType=Consumer;environment=Prod_SoutheastAsia_000j;migrationStage=NotStarted}
{"logTime": "0304/194925", "correlationVector":"mbLvhVSMT3Zc8WIfpXPtuG","action":"Commit Request", "result":"", "context":Item count: 1
Contributing types: Sessions}
{"logTime": "0304/194925", "correlationVector":"mbLvhVSMT3Zc8WIfpXPtuG.1","action":"SyncServerConnectionManagerRequest", "result":"SYNC_SERVER_OK", "context":{"environment":"Prod_SoutheastAsia_000j", "migrationStage":"NotStarted", "server":"GENERAL03000025"}}
{"logTime": "0304/194925", "correlationVector":"mbLvhVSMT3Zc8WIfpXPtuG.2","action":"Commit Response", "result":"SYNCER_OK", "context":Result: SYNCER_OK. cV=mbLvhVSMT3Zc8WIfpXPtuG.0;server=GENERAL03000025;cloudType=Consumer;environment=Prod_SoutheastAsia_000j;migrationStage=NotStarted}
{"logTime": "0304/195004", "correlationVector":"lIQSaPA47Igse6Vc+Oyv8B","action":"Commit Request", "result":"", "context":Item count: 1
Contributing types: Sessions}
{"logTime": "0304/195004", "correlationVector":"lIQSaPA47Igse6Vc+Oyv8B.1","action":"SyncServerConnectionManagerRequest", "result":"SYNC_SERVER_OK", "context":{"environment":"Prod_SoutheastAsia_000j", "migrationStage":"NotStarted", "server":"general03000013"}}
{"logTime": "0304/195004", "correlationVector":"lIQSaPA47Igse6Vc+Oyv8B.2","action":"Commit Response", "result":"SYNCER_OK", "context":Result: SYNCER_OK. cV=lIQSaPA47Igse6Vc+Oyv8B.0;server=general03000013;cloudType=Consumer;environment=Prod_SoutheastAsia_000j;migrationStage=NotStarted}
{"logTime": "0304/195044", "correlationVector":"fpQbLdsUzwKxdzTjHu0Mfa","action":"Commit Request", "result":"", "context":Item count: 1
Contributing types: Sessions}
{"logTime": "0304/195045", "correlationVector":"fpQbLdsUzwKxdzTjHu0Mfa.1","action":"SyncServerConnectionManagerRequest", "result":"SYNC_SERVER_OK", "context":{"environment":"Prod_SoutheastAsia_000j", "migrationStage":"NotStarted", "server":"GENERAL01000000"}}
{"logTime": "0304/195045", "correlationVector":"fpQbLdsUzwKxdzTjHu0Mfa.2","action":"Commit Response", "result":"SYNCER_OK", "context":Result: SYNCER_OK. cV=fpQbLdsUzwKxdzTjHu0Mfa.0;server=GENERAL01000000;cloudType=Consumer;environment=Prod_SoutheastAsia_000j;migrationStage=NotStarted}
{"logTime": "0304/195849", "correlationVector":"xPnE26clOO9n/P51SkfDdb","action":"Poll GetUpdate request", "result":"", "context":cV=xPnE26clOO9n/P51SkfDdb}
{"logTime": "0304/195850", "correlationVector":"xPnE26clOO9n/P51SkfDdb.1","action":"SyncServerConnectionManagerRequest", "result":"SYNC_SERVER_OK", "context":{"environment":"Prod_SoutheastAsia_000j", "migrationStage":"NotStarted", "server":"GENERAL0300001J"}}
{"logTime": "0304/195850", "correlationVector":"xPnE26clOO9n/P51SkfDdb.2","action":"GetUpdates", "result":"DeleteReceived", "context":{"id":"d9967c1f-9fc1-45ae-acce-984a69809619", "isDeleted:":"true", "version":"1709579983555"}}
{"logTime": "0304/195850", "correlationVector":"xPnE26clOO9n/P51SkfDdb.3","action":"GetUpdates Response", "result":"SYNCER_OK", "context":Received 6 update(s). cV=xPnE26clOO9n/P51SkfDdb.0;server=GENERAL0300001J;cloudType=Consumer;environment=Prod_SoutheastAsia_000j;migrationStage=NotStarted}
{"logTime": "0304/200241", "correlationVector":"74vTUO/8noC7DUKxxRCp+e","action":"Commit Request", "result":"", "context":Item count: 1
Contributing types: Sessions}
{"logTime": "0304/200241", "correlationVector":"74vTUO/8noC7DUKxxRCp+e.1","action":"SyncServerConnectionManagerRequest", "result":"SYNC_SERVER_OK", "context":{"environment":"Prod_SoutheastAsia_000j", "migrationStage":"NotStarted", "server":"general0100000E"}}
{"logTime": "0304/200241", "correlationVector":"74vTUO/8noC7DUKxxRCp+e.2","action":"Commit Response", "result":"SYNCER_OK", "context":Result: SYNCER_OK. cV=74vTUO/8noC7DUKxxRCp+e.0;server=general0100000E;cloudType=Consumer;environment=Prod_SoutheastAsia_000j;migrationStage=NotStarted}
{"logTime": "0304/200401", "correlationVector":"RC0O6AW4Lzx07E8RXUFamI","action":"Commit Request", "result":"", "context":Item count: 1
Contributing types: Sessions}
{"logTime": "0304/200401", "correlationVector":"RC0O6AW4Lzx07E8RXUFamI.1","action":"SyncServerConnectionManagerRequest", "result":"SYNC_AUTH_ERROR", "context":{"environment":"Prod_SoutheastAsia_000j", "migrationStage":"NotStarted", "server":"GENERAL0300001B"}}
{"logTime": "0304/200401", "correlationVector":"RC0O6AW4Lzx07E8RXUFamI.2","action":"Commit Response", "result":"SYNC_AUTH_ERROR (HTTP 401)", "context":Result: SYNC_AUTH_ERROR (HTTP 401). cV=RC0O6AW4Lzx07E8RXUFamI.0;server=GENERAL0300001B;cloudType=Undetermined;environment=Prod_SoutheastAsia_000j;migrationStage=NotStarted}
{"logTime": "0304/200401", "correlationVector":"t/xt7atFp5gG/Bg0ARm2xQ","action":"Commit Request", "result":"", "context":Item count: 1
Contributing types: Sessions}
{"logTime": "0304/200401", "correlationVector":"t/xt7atFp5gG/Bg0ARm2xQ.1","action":"SyncServerConnectionManagerRequest", "result":"SYNC_SERVER_OK", "context":{"environment":"Prod_SoutheastAsia_000j", "migrationStage":"NotStarted", "server":"GENERAL0100001D"}}
{"logTime": "0304/200401", "correlationVector":"t/xt7atFp5gG/Bg0ARm2xQ.2","action":"Commit Response", "result":"SYNCER_OK", "context":Result: SYNCER_OK. cV=t/xt7atFp5gG/Bg0ARm2xQ.0;server=GENERAL0100001D;cloudType=Consumer;environment=Prod_SoutheastAsia_000j;migrationStage=NotStarted}
{"logTime": "0304/200516", "correlationVector":"v5PPhQxrgE4ok/LXkBGkY6","action":"Commit Request", "result":"", "context":Item count: 1
Contributing types: Sessions}
{"logTime": "0304/200516", "correlationVector":"v5PPhQxrgE4ok/LXkBGkY6.1","action":"SyncServerConnectionManagerRequest", "result":"SYNC_SERVER_OK", "context":{"environment":"Prod_SoutheastAsia_000j", "migrationStage":"NotStarted", "server":"GENERAL0300000D"}}
{"logTime": "0304/200516", "correlationVector":"v5PPhQxrgE4ok/LXkBGkY6.2","action":"Commit Response", "result":"SYNCER_OK", "context":Result: SYNCER_OK. cV=v5PPhQxrgE4ok/LXkBGkY6.0;server=GENERAL0300000D;cloudType=Consumer;environment=Prod_SoutheastAsia_000j;migrationStage=NotStarted}
{"logTime": "0304/201226", "correlationVector":"oGb09OwFVv6wubgTCSgjOQ","action":"Commit Request", "result":"", "context":Item count: 1
Contributing types: Sessions}
{"logTime": "0304/201226", "correlationVector":"oGb09OwFVv6wubgTCSgjOQ.1","action":"SyncServerConnectionManagerRequest", "result":"SYNC_SERVER_OK", "context":{"environment":"Prod_SoutheastAsia_000j", "migrationStage":"NotStarted", "server":"GENERAL03000018"}}
{"logTime": "0304/201226", "correlationVector":"oGb09OwFVv6wubgTCSgjOQ.2","action":"Commit Response", "result":"SYNCER_OK", "context":Result: SYNCER_OK. cV=oGb09OwFVv6wubgTCSgjOQ.0;server=GENERAL03000018;cloudType=Consumer;environment=Prod_SoutheastAsia_000j;migrationStage=NotStarted}
{"logTime": "0304/201837", "correlationVector":"+j+P/HBxo93+142XJaZhcb","action":"Commit Request", "result":"", "context":Item count: 1
Contributing types: Sessions}
{"logTime": "0304/201837", "correlationVector":"+j+P/HBxo93+142XJaZhcb.1","action":"SyncServerConnectionManagerRequest", "result":"SYNC_SERVER_OK", "context":{"environment":"Prod_SoutheastAsia_000j", "migrationStage":"NotStarted", "server":"GENERAL03000015"}}
{"logTime": "0304/201837", "correlationVector":"+j+P/HBxo93+142XJaZhcb.2","action":"Commit Response", "result":"SYNCER_OK", "context":Result: SYNCER_OK. cV=+j+P/HBxo93+142XJaZhcb.0;server=GENERAL03000015;cloudType=Consumer;environment=Prod_SoutheastAsia_000j;migrationStage=NotStarted}
{"logTime": "0304/203417", "correlationVector":"cAboTocms7XAKodDvuywdR","action":"Commit Request", "result":"", "context":Item count: 1
Contributing types: Sessions}
{"logTime": "0304/203417", "correlationVector":"cAboTocms7XAKodDvuywdR.1","action":"SyncServerConnectionManagerRequest", "result":"SYNC_SERVER_OK", "context":{"environment":"Prod_SoutheastAsia_000j", "migrationStage":"NotStarted", "server":"GENERAL03000029"}}
{"logTime": "0304/203417", "correlationVector":"cAboTocms7XAKodDvuywdR.2","action":"Commit Response", "result":"SYNCER_OK", "context":Result: SYNCER_OK. cV=cAboTocms7XAKodDvuywdR.0;server=GENERAL03000029;cloudType=Consumer;environment=Prod_SoutheastAsia_000j;migrationStage=NotStarted}
{"logTime": "0304/203603", "correlationVector":"R9kdlX3guJy6l0MdqPWpuV","action":"Commit Request", "result":"", "context":Item count: 1
Contributing types: Sessions}
{"logTime": "0304/203603", "correlationVector":"R9kdlX3guJy6l0MdqPWpuV.1","action":"SyncServerConnectionManagerRequest", "result":"SYNC_SERVER_OK", "context":{"environment":"Prod_SoutheastAsia_000j", "migrationStage":"NotStarted", "server":"GENERAL01000014"}}
{"logTime": "0304/203603", "correlationVector":"R9kdlX3guJy6l0MdqPWpuV.2","action":"Commit Response", "result":"SYNCER_OK", "context":Result: SYNCER_OK. cV=R9kdlX3guJy6l0MdqPWpuV.0;server=GENERAL01000014;cloudType=Consumer;environment=Prod_SoutheastAsia_000j;migrationStage=NotStarted}
{"logTime": "0304/204512", "correlationVector":"wh4QzyUJjQjuKuPIYmLeBL","action":"Commit Request", "result":"", "context":Item count: 1
Contributing types: Sessions}
{"logTime": "0304/204513", "correlationVector":"wh4QzyUJjQjuKuPIYmLeBL.1","action":"SyncServerConnectionManagerRequest", "result":"SYNC_SERVER_OK", "context":{"environment":"Prod_SoutheastAsia_000j", "migrationStage":"NotStarted", "server":"GENERAL03000025"}}
{"logTime": "0304/204513", "correlationVector":"wh4QzyUJjQjuKuPIYmLeBL.2","action":"Commit Response", "result":"SYNCER_OK", "context":Result: SYNCER_OK. cV=wh4QzyUJjQjuKuPIYmLeBL.0;server=GENERAL03000025;cloudType=Consumer;environment=Prod_SoutheastAsia_000j;migrationStage=NotStarted}
{"logTime": "0304/204703", "correlationVector":"Qgtp5xQeVn5m9YxtVahDGi","action":"Commit Request", "result":"", "context":Item count: 1
Contributing types: Sessions}
{"logTime": "0304/204704", "correlationVector":"Qgtp5xQeVn5m9YxtVahDGi.1","action":"SyncServerConnectionManagerRequest", "result":"SYNC_SERVER_OK", "context":{"environment":"Prod_SoutheastAsia_000j", "migrationStage":"NotStarted", "server":"GENERAL0300000P"}}
{"logTime": "0304/204704", "correlationVector":"Qgtp5xQeVn5m9YxtVahDGi.2","action":"Commit Response", "result":"SYNCER_OK", "context":Result: SYNCER_OK. cV=Qgtp5xQeVn5m9YxtVahDGi.0;server=GENERAL0300000P;cloudType=Consumer;environment=Prod_SoutheastAsia_000j;migrationStage=NotStarted}
{"logTime": "0304/210947", "correlationVector":"E+07L7kLISw5ki6gqPR+BI","action":"Commit Request", "result":"", "context":Item count: 1
Contributing types: Sessions}
{"logTime": "0304/210947", "correlationVector":"E+07L7kLISw5ki6gqPR+BI.1","action":"SyncServerConnectionManagerRequest", "result":"SYNC_SERVER_OK", "context":{"environment":"Prod_SoutheastAsia_000j", "migrationStage":"NotStarted", "server":"GENERAL03000029"}}
{"logTime": "0304/210947", "correlationVector":"E+07L7kLISw5ki6gqPR+BI.2","action":"Commit Response", "result":"SYNCER_OK", "context":Result: SYNCER_OK. cV=E+07L7kLISw5ki6gqPR+BI.0;server=GENERAL03000029;cloudType=Consumer;environment=Prod_SoutheastAsia_000j;migrationStage=NotStarted}
{"logTime": "0304/211118", "correlationVector":"AWK84800ni0jS+bXCTiCYX","action":"Commit Request", "result":"", "context":Item count: 1
Contributing types: Sessions}
{"logTime": "0304/211118", "correlationVector":"AWK84800ni0jS+bXCTiCYX.1","action":"SyncServerConnectionManagerRequest", "result":"SYNC_SERVER_OK", "context":{"environment":"Prod_SoutheastAsia_000j", "migrationStage":"NotStarted", "server":"GENERAL0100001D"}}
{"logTime": "0304/211118", "correlationVector":"AWK84800ni0jS+bXCTiCYX.2","action":"Commit Response", "result":"SYNCER_OK", "context":Result: SYNCER_OK. cV=AWK84800ni0jS+bXCTiCYX.0;server=GENERAL0100001D;cloudType=Consumer;environment=Prod_SoutheastAsia_000j;migrationStage=NotStarted}
{"logTime": "0304/211615", "correlationVector":"micAg6D3WDyR+FNiLyqhRy","action":"Commit Request", "result":"", "context":Item count: 1
Contributing types: Sessions}
{"logTime": "0304/211616", "correlationVector":"micAg6D3WDyR+FNiLyqhRy.1","action":"SyncServerConnectionManagerRequest", "result":"SYNC_SERVER_OK", "context":{"environment":"Prod_SoutheastAsia_000j", "migrationStage":"NotStarted", "server":"GENERAL03000002"}}
{"logTime": "0304/211616", "correlationVector":"micAg6D3WDyR+FNiLyqhRy.2","action":"Commit Response", "result":"SYNCER_OK", "context":Result: SYNCER_OK. cV=micAg6D3WDyR+FNiLyqhRy.0;server=GENERAL03000002;cloudType=Consumer;environment=Prod_SoutheastAsia_000j;migrationStage=NotStarted}
{"logTime": "0304/211805", "correlationVector":"niiaEvSMiATf/njVNQR+gy","action":"Commit Request", "result":"", "context":Item count: 1
Contributing types: Sessions}
{"logTime": "0304/211805", "correlationVector":"niiaEvSMiATf/njVNQR+gy.1","action":"SyncServerConnectionManagerRequest", "result":"SYNC_SERVER_OK", "context":{"environment":"Prod_SoutheastAsia_000j", "migrationStage":"NotStarted", "server":"GENERAL01000012"}}
{"logTime": "0304/211805", "correlationVector":"niiaEvSMiATf/njVNQR+gy.2","action":"Commit Response", "result":"SYNCER_OK", "context":Result: SYNCER_OK. cV=niiaEvSMiATf/njVNQR+gy.0;server=GENERAL01000012;cloudType=Consumer;environment=Prod_SoutheastAsia_000j;migrationStage=NotStarted}
{"logTime": "0304/212747", "correlationVector":"6sPb4XfNoB95JbzqTwnYpi","action":"Commit Request", "result":"", "context":Item count: 1
Contributing types: Sessions}
{"logTime": "0304/212747", "correlationVector":"6sPb4XfNoB95JbzqTwnYpi.1","action":"SyncServerConnectionManagerRequest", "result":"SYNC_SERVER_OK", "context":{"environment":"Prod_SoutheastAsia_000j", "migrationStage":"NotStarted", "server":"GENERAL0100001J"}}
{"logTime": "0304/212747", "correlationVector":"6sPb4XfNoB95JbzqTwnYpi.2","action":"Commit Response", "result":"SYNCER_OK", "context":Result: SYNCER_OK. cV=6sPb4XfNoB95JbzqTwnYpi.0;server=GENERAL0100001J;cloudType=Consumer;environment=Prod_SoutheastAsia_000j;migrationStage=NotStarted}
{"logTime": "0304/213417", "correlationVector":"AWsadOj1q8i6irBKObM6rx","action":"Commit Request", "result":"", "context":Item count: 1
Contributing types: Sessions}
{"logTime": "0304/213417", "correlationVector":"AWsadOj1q8i6irBKObM6rx.1","action":"SyncServerConnectionManagerRequest", "result":"SYNC_SERVER_OK", "context":{"environment":"Prod_SoutheastAsia_000j", "migrationStage":"NotStarted", "server":"GENERAL0300001B"}}
{"logTime": "0304/213417", "correlationVector":"AWsadOj1q8i6irBKObM6rx.2","action":"Commit Response", "result":"SYNCER_OK", "context":Result: SYNCER_OK. cV=AWsadOj1q8i6irBKObM6rx.0;server=GENERAL0300001B;cloudType=Consumer;environment=Prod_SoutheastAsia_000j;migrationStage=NotStarted}
{"logTime": "0304/213521", "correlationVector":"PQZ6hcIm18CkS2dxcd9gR9","action":"Commit Request", "result":"", "context":Item count: 1
Contributing types: Sessions}
{"logTime": "0304/213521", "correlationVector":"PQZ6hcIm18CkS2dxcd9gR9.1","action":"SyncServerConnectionManagerRequest", "result":"SYNC_SERVER_OK", "context":{"environment":"Prod_SoutheastAsia_000j", "migrationStage":"NotStarted", "server":"GENERAL0100000L"}}
{"logTime": "0304/213521", "correlationVector":"PQZ6hcIm18CkS2dxcd9gR9.2","action":"Commit Response", "result":"SYNCER_OK", "context":Result: SYNCER_OK. cV=PQZ6hcIm18CkS2dxcd9gR9.0;server=GENERAL0100000L;cloudType=Consumer;environment=Prod_SoutheastAsia_000j;migrationStage=NotStarted}
{"logTime": "0304/213735", "correlationVector":"Mq5Zo0+y4xq/l0TAsT9MPW","action":"Commit Request", "result":"", "context":Item count: 1
Contributing types: Sessions}
{"logTime": "0304/213735", "correlationVector":"Mq5Zo0+y4xq/l0TAsT9MPW.1","action":"SyncServerConnectionManagerRequest", "result":"SYNC_SERVER_OK", "context":{"environment":"Prod_SoutheastAsia_000j", "migrationStage":"NotStarted", "server":"GENERAL03000024"}}
{"logTime": "0304/213735", "correlationVector":"Mq5Zo0+y4xq/l0TAsT9MPW.2","action":"Commit Response", "result":"SYNCER_OK", "context":Result: SYNCER_OK. cV=Mq5Zo0+y4xq/l0TAsT9MPW.0;server=GENERAL03000024;cloudType=Consumer;environment=Prod_SoutheastAsia_000j;migrationStage=NotStarted}
{"logTime": "0304/214252", "correlationVector":"kTVC5w69idQ08NWi9Zus9g","action":"Commit Request", "result":"", "context":Item count: 1
Contributing types: Sessions}
{"logTime": "0304/214253", "correlationVector":"kTVC5w69idQ08NWi9Zus9g.1","action":"SyncServerConnectionManagerRequest", "result":"SYNC_SERVER_OK", "context":{"environment":"Prod_SoutheastAsia_000j", "migrationStage":"NotStarted", "server":"GENERAL0100000S"}}
{"logTime": "0304/214253", "correlationVector":"kTVC5w69idQ08NWi9Zus9g.2","action":"Commit Response", "result":"SYNCER_OK", "context":Result: SYNCER_OK. cV=kTVC5w69idQ08NWi9Zus9g.0;server=GENERAL0100000S;cloudType=Consumer;environment=Prod_SoutheastAsia_000j;migrationStage=NotStarted}
{"logTime": "0304/214342", "correlationVector":"7eXDqgtQMrlLzS6JKmiTPI","action":"Commit Request", "result":"", "context":Item count: 1
Contributing types: Sessions}
{"logTime": "0304/214342", "correlationVector":"7eXDqgtQMrlLzS6JKmiTPI.1","action":"SyncServerConnectionManagerRequest", "result":"SYNC_SERVER_OK", "context":{"environment":"Prod_SoutheastAsia_000j", "migrationStage":"NotStarted", "server":"GENERAL0300001L"}}
{"logTime": "0304/214342", "correlationVector":"7eXDqgtQMrlLzS6JKmiTPI.2","action":"Commit Response", "result":"SYNCER_OK", "context":Result: SYNCER_OK. cV=7eXDqgtQMrlLzS6JKmiTPI.0;server=GENERAL0300001L;cloudType=Consumer;environment=Prod_SoutheastAsia_000j;migrationStage=NotStarted}
{"logTime": "0304/214558", "correlationVector":"mUuU5TFzR4PEU0WdUQqvdA","action":"Commit Request", "result":"", "context":Item count: 1
Contributing types: Sessions}
{"logTime": "0304/214559", "correlationVector":"mUuU5TFzR4PEU0WdUQqvdA.1","action":"SyncServerConnectionManagerRequest", "result":"SYNC_SERVER_OK", "context":{"environment":"Prod_SoutheastAsia_000j", "migrationStage":"NotStarted", "server":"GENERAL03000002"}}
{"logTime": "0304/214559", "correlationVector":"mUuU5TFzR4PEU0WdUQqvdA.2","action":"Commit Response", "result":"SYNCER_OK", "context":Result: SYNCER_OK. cV=mUuU5TFzR4PEU0WdUQqvdA.0;server=GENERAL03000002;cloudType=Consumer;environment=Prod_SoutheastAsia_000j;migrationStage=NotStarted}
{"logTime": "0304/214645", "correlationVector":"pTlyfT/UI3otptNWk4Y7jt","action":"Commit Request", "result":"", "context":Item count: 1
Contributing types: Sessions}
{"logTime": "0304/214645", "correlationVector":"pTlyfT/UI3otptNWk4Y7jt.1","action":"SyncServerConnectionManagerRequest", "result":"SYNC_SERVER_OK", "context":{"environment":"Prod_SoutheastAsia_000j", "migrationStage":"NotStarted", "server":"GENERAL01000000"}}
{"logTime": "0304/214645", "correlationVector":"pTlyfT/UI3otptNWk4Y7jt.2","action":"Commit Response", "result":"SYNCER_OK", "context":Result: SYNCER_OK. cV=pTlyfT/UI3otptNWk4Y7jt.0;server=GENERAL01000000;cloudType=Consumer;environment=Prod_SoutheastAsia_000j;migrationStage=NotStarted}
{"logTime": "0304/214725", "correlationVector":"I2uPxPDTkNQFuQ5yBhnLlZ","action":"Commit Request", "result":"", "context":Item count: 1
Contributing types: Sessions}
{"logTime": "0304/214725", "correlationVector":"I2uPxPDTkNQFuQ5yBhnLlZ.1","action":"SyncServerConnectionManagerRequest", "result":"SYNC_SERVER_OK", "context":{"environment":"Prod_SoutheastAsia_000j", "migrationStage":"NotStarted", "server":"general03000013"}}
{"logTime": "0304/214725", "correlationVector":"I2uPxPDTkNQFuQ5yBhnLlZ.2","action":"Commit Response", "result":"SYNCER_OK", "context":Result: SYNCER_OK. cV=I2uPxPDTkNQFuQ5yBhnLlZ.0;server=general03000013;cloudType=Consumer;environment=Prod_SoutheastAsia_000j;migrationStage=NotStarted}
{"logTime": "0304/215120", "correlationVector":"RUu+aZZA7cBF+2s0TqUeCw","action":"Commit Request", "result":"", "context":Item count: 1
Contributing types: Sessions}
{"logTime": "0304/215120", "correlationVector":"RUu+aZZA7cBF+2s0TqUeCw.1","action":"SyncServerConnectionManagerRequest", "result":"SYNC_SERVER_OK", "context":{"environment":"Prod_SoutheastAsia_000j", "migrationStage":"NotStarted", "server":"GENERAL0300001W"}}
{"logTime": "0304/215120", "correlationVector":"RUu+aZZA7cBF+2s0TqUeCw.2","action":"Commit Response", "result":"SYNCER_OK", "context":Result: SYNCER_OK. cV=RUu+aZZA7cBF+2s0TqUeCw.0;server=GENERAL0300001W;cloudType=Consumer;environment=Prod_SoutheastAsia_000j;migrationStage=NotStarted}
{"logTime": "0304/215629", "correlationVector":"7CODtdPbxye4pRVeyPb0sA","action":"Commit Request", "result":"", "context":Item count: 1
Contributing types: Sessions}
{"logTime": "0304/215629", "correlationVector":"7CODtdPbxye4pRVeyPb0sA.1","action":"SyncServerConnectionManagerRequest", "result":"SYNC_SERVER_OK", "context":{"environment":"Prod_SoutheastAsia_000j", "migrationStage":"NotStarted", "server":"GENERAL01000002"}}
{"logTime": "0304/215629", "correlationVector":"7CODtdPbxye4pRVeyPb0sA.2","action":"Commit Response", "result":"SYNCER_OK", "context":Result: SYNCER_OK. cV=7CODtdPbxye4pRVeyPb0sA.0;server=GENERAL01000002;cloudType=Consumer;environment=Prod_SoutheastAsia_000j;migrationStage=NotStarted}
{"logTime": "0304/215900", "correlationVector":"ns7hFrHF1KeOb0ShPpAzYN","action":"Commit Request", "result":"", "context":Item count: 1
Contributing types: Sessions}
{"logTime": "0304/215900", "correlationVector":"ns7hFrHF1KeOb0ShPpAzYN.1","action":"SyncServerConnectionManagerRequest", "result":"SYNC_SERVER_OK", "context":{"environment":"Prod_SoutheastAsia_000j", "migrationStage":"NotStarted", "server":"GENERAL01000006"}}
{"logTime": "0304/215900", "correlationVector":"ns7hFrHF1KeOb0ShPpAzYN.2","action":"Commit Response", "result":"SYNCER_OK", "context":Result: SYNCER_OK. cV=ns7hFrHF1KeOb0ShPpAzYN.0;server=GENERAL01000006;cloudType=Consumer;environment=Prod_SoutheastAsia_000j;migrationStage=NotStarted}
{"logTime": "0304/215959", "correlationVector":"6OjENJpr0pQLPiFALWxl0W","action":"Commit Request", "result":"", "context":Item count: 1
Contributing types: Sessions}
{"logTime": "0304/215959", "correlationVector":"6OjENJpr0pQLPiFALWxl0W.1","action":"SyncServerConnectionManagerRequest", "result":"SYNC_SERVER_OK", "context":{"environment":"Prod_SoutheastAsia_000j", "migrationStage":"NotStarted", "server":"GENERAL0300002C"}}
{"logTime": "0304/215959", "correlationVector":"6OjENJpr0pQLPiFALWxl0W.2","action":"Commit Response", "result":"SYNCER_OK", "context":Result: SYNCER_OK. cV=6OjENJpr0pQLPiFALWxl0W.0;server=GENERAL0300002C;cloudType=Consumer;environment=Prod_SoutheastAsia_000j;migrationStage=NotStarted}
{"logTime": "0304/220431", "correlationVector":"QXjUchouNsoF6E1r54BNfq","action":"Commit Request", "result":"", "context":Item count: 1
Contributing types: Sessions}
{"logTime": "0304/220431", "correlationVector":"QXjUchouNsoF6E1r54BNfq.1","action":"SyncServerConnectionManagerRequest", "result":"SYNC_SERVER_OK", "context":{"environment":"Prod_SoutheastAsia_000j", "migrationStage":"NotStarted", "server":"general03000013"}}
{"logTime": "0304/220431", "correlationVector":"QXjUchouNsoF6E1r54BNfq.2","action":"Commit Response", "result":"SYNCER_OK", "context":Result: SYNCER_OK. cV=QXjUchouNsoF6E1r54BNfq.0;server=general03000013;cloudType=Consumer;environment=Prod_SoutheastAsia_000j;migrationStage=NotStarted}
{"logTime": "0304/220708", "correlationVector":"bM1oyDhkU52ORy/1vlJJ9z","action":"Commit Request", "result":"", "context":Item count: 1
Contributing types: Sessions}
{"logTime": "0304/220708", "correlationVector":"bM1oyDhkU52ORy/1vlJJ9z.1","action":"SyncServerConnectionManagerRequest", "result":"SYNC_SERVER_OK", "context":{"environment":"Prod_SoutheastAsia_000j", "migrationStage":"NotStarted", "server":"GENERAL0300001L"}}
{"logTime": "0304/220708", "correlationVector":"bM1oyDhkU52ORy/1vlJJ9z.2","action":"Commit Response", "result":"SYNCER_OK", "context":Result: SYNCER_OK. cV=bM1oyDhkU52ORy/1vlJJ9z.0;server=GENERAL0300001L;cloudType=Consumer;environment=Prod_SoutheastAsia_000j;migrationStage=NotStarted}
{"logTime": "0304/220851", "correlationVector":"M9bCSEabV74RB2j0apFri9","action":"Commit Request", "result":"", "context":Item count: 1
Contributing types: Sessions}
{"logTime": "0304/220851", "correlationVector":"M9bCSEabV74RB2j0apFri9.1","action":"SyncServerConnectionManagerRequest", "result":"SYNC_SERVER_OK", "context":{"environment":"Prod_SoutheastAsia_000j", "migrationStage":"NotStarted", "server":"GENERAL03000025"}}
{"logTime": "0304/220851", "correlationVector":"M9bCSEabV74RB2j0apFri9.2","action":"Commit Response", "result":"SYNCER_OK", "context":Result: SYNCER_OK. cV=M9bCSEabV74RB2j0apFri9.0;server=GENERAL03000025;cloudType=Consumer;environment=Prod_SoutheastAsia_000j;migrationStage=NotStarted}
{"logTime": "0304/221213", "correlationVector":"Owww3wNeuliSn8DQkuD7Uh","action":"Commit Request", "result":"", "context":Item count: 1
Contributing types: Sessions}
{"logTime": "0304/221213", "correlationVector":"Owww3wNeuliSn8DQkuD7Uh.1","action":"SyncServerConnectionManagerRequest", "result":"SYNC_SERVER_OK", "context":{"environment":"Prod_SoutheastAsia_000j", "migrationStage":"NotStarted", "server":"GENERAL0100000S"}}
{"logTime": "0304/221213", "correlationVector":"Owww3wNeuliSn8DQkuD7Uh.2","action":"Commit Response", "result":"SYNCER_OK", "context":Result: SYNCER_OK. cV=Owww3wNeuliSn8DQkuD7Uh.0;server=GENERAL0100000S;cloudType=Consumer;environment=Prod_SoutheastAsia_000j;migrationStage=NotStarted}
{"logTime": "0304/221748", "correlationVector":"vOnqkt5PiIzwgscqyIOXBu","action":"Commit Request", "result":"", "context":Item count: 1
Contributing types: Sessions}
{"logTime": "0304/221749", "correlationVector":"vOnqkt5PiIzwgscqyIOXBu.1","action":"SyncServerConnectionManagerRequest", "result":"SYNC_SERVER_OK", "context":{"environment":"Prod_SoutheastAsia_000j", "migrationStage":"NotStarted", "server":"GENERAL0100000S"}}
{"logTime": "0304/221749", "correlationVector":"vOnqkt5PiIzwgscqyIOXBu.2","action":"Commit Response", "result":"SYNCER_OK", "context":Result: SYNCER_OK. cV=vOnqkt5PiIzwgscqyIOXBu.0;server=GENERAL0100000S;cloudType=Consumer;environment=Prod_SoutheastAsia_000j;migrationStage=NotStarted}
{"logTime": "0304/221851", "correlationVector":"fbQMiLmNc8itRr42Qjx1ko","action":"Commit Request", "result":"", "context":Item count: 1
Contributing types: Sessions}
{"logTime": "0304/221852", "correlationVector":"fbQMiLmNc8itRr42Qjx1ko.1","action":"SyncServerConnectionManagerRequest", "result":"SYNC_SERVER_OK", "context":{"environment":"Prod_SoutheastAsia_000j", "migrationStage":"NotStarted", "server":"GENERAL0300000Q"}}
{"logTime": "0304/221852", "correlationVector":"fbQMiLmNc8itRr42Qjx1ko.2","action":"Commit Response", "result":"SYNCER_OK", "context":Result: SYNCER_OK. cV=fbQMiLmNc8itRr42Qjx1ko.0;server=GENERAL0300000Q;cloudType=Consumer;environment=Prod_SoutheastAsia_000j;migrationStage=NotStarted}
{"logTime": "0304/222444", "correlationVector":"oHEIrij4RYk0ZDMYeTHyB+","action":"Commit Request", "result":"", "context":Item count: 1
Contributing types: Sessions}
{"logTime": "0304/222445", "correlationVector":"oHEIrij4RYk0ZDMYeTHyB+.1","action":"SyncServerConnectionManagerRequest", "result":"SYNC_SERVER_OK", "context":{"environment":"Prod_SoutheastAsia_000j", "migrationStage":"NotStarted", "server":"GENERAL0300000H"}}
{"logTime": "0304/222445", "correlationVector":"oHEIrij4RYk0ZDMYeTHyB+.2","action":"Commit Response", "result":"SYNCER_OK", "context":Result: SYNCER_OK. cV=oHEIrij4RYk0ZDMYeTHyB+.0;server=GENERAL0300000H;cloudType=Consumer;environment=Prod_SoutheastAsia_000j;migrationStage=NotStarted}
{"logTime": "0304/222823", "correlationVector":"EVNkhXknrljmALfoztEKq6","action":"Commit Request", "result":"", "context":Item count: 1
Contributing types: Sessions}
{"logTime": "0304/222823", "correlationVector":"EVNkhXknrljmALfoztEKq6.1","action":"SyncServerConnectionManagerRequest", "result":"SYNC_SERVER_OK", "context":{"environment":"Prod_SoutheastAsia_000j", "migrationStage":"NotStarted", "server":"GENERAL0300001X"}}
{"logTime": "0304/222823", "correlationVector":"EVNkhXknrljmALfoztEKq6.2","action":"Commit Response", "result":"SYNCER_OK", "context":Result: SYNCER_OK. cV=EVNkhXknrljmALfoztEKq6.0;server=GENERAL0300001X;cloudType=Consumer;environment=Prod_SoutheastAsia_000j;migrationStage=NotStarted}
{"logTime": "0304/223114", "correlationVector":"+ivXSU8V13YXoxJyqhifWz","action":"Commit Request", "result":"", "context":Item count: 1
Contributing types: Sessions}
{"logTime": "0304/223114", "correlationVector":"+ivXSU8V13YXoxJyqhifWz.1","action":"SyncServerConnectionManagerRequest", "result":"SYNC_SERVER_OK", "context":{"environment":"Prod_SoutheastAsia_000j", "migrationStage":"NotStarted", "server":"GENERAL03000003"}}
{"logTime": "0304/223114", "correlationVector":"+ivXSU8V13YXoxJyqhifWz.2","action":"Commit Response", "result":"SYNCER_OK", "context":Result: SYNCER_OK. cV=+ivXSU8V13YXoxJyqhifWz.0;server=GENERAL03000003;cloudType=Consumer;environment=Prod_SoutheastAsia_000j;migrationStage=NotStarted}
{"logTime": "0304/223224", "correlationVector":"apBSq0v83gWdehMxRirqg+","action":"Commit Request", "result":"", "context":Item count: 1
Contributing types: Sessions}
{"logTime": "0304/223224", "correlationVector":"apBSq0v83gWdehMxRirqg+.1","action":"SyncServerConnectionManagerRequest", "result":"SYNC_SERVER_OK", "context":{"environment":"Prod_SoutheastAsia_000j", "migrationStage":"NotStarted", "server":"GENERAL0100001C"}}
{"logTime": "0304/223224", "correlationVector":"apBSq0v83gWdehMxRirqg+.2","action":"Commit Response", "result":"SYNCER_OK", "context":Result: SYNCER_OK. cV=apBSq0v83gWdehMxRirqg+.0;server=GENERAL0100001C;cloudType=Consumer;environment=Prod_SoutheastAsia_000j;migrationStage=NotStarted}
{"logTime": "0304/223259", "correlationVector":"AJJvMlBK4EwGDAD9uymDJ+","action":"Commit Request", "result":"", "context":Item count: 1
Contributing types: Sessions}
{"logTime": "0304/223259", "correlationVector":"AJJvMlBK4EwGDAD9uymDJ+.1","action":"SyncServerConnectionManagerRequest", "result":"SYNC_SERVER_OK", "context":{"environment":"Prod_SoutheastAsia_000j", "migrationStage":"NotStarted", "server":"GENERAL0100001C"}}
{"logTime": "0304/223259", "correlationVector":"AJJvMlBK4EwGDAD9uymDJ+.2","action":"Commit Response", "result":"SYNCER_OK", "context":Result: SYNCER_OK. cV=AJJvMlBK4EwGDAD9uymDJ+.0;server=GENERAL0100001C;cloudType=Consumer;environment=Prod_SoutheastAsia_000j;migrationStage=NotStarted}
{"logTime": "0304/223414", "correlationVector":"k/BuArjnEFHNe47HGkh5zf","action":"Commit Request", "result":"", "context":Item count: 1
Contributing types: Sessions}
{"logTime": "0304/223414", "correlationVector":"k/BuArjnEFHNe47HGkh5zf.1","action":"SyncServerConnectionManagerRequest", "result":"SYNC_SERVER_OK", "context":{"environment":"Prod_SoutheastAsia_000j", "migrationStage":"NotStarted", "server":"GENERAL0300002C"}}
{"logTime": "0304/223414", "correlationVector":"k/BuArjnEFHNe47HGkh5zf.2","action":"Commit Response", "result":"SYNCER_OK", "context":Result: SYNCER_OK. cV=k/BuArjnEFHNe47HGkh5zf.0;server=GENERAL0300002C;cloudType=Consumer;environment=Prod_SoutheastAsia_000j;migrationStage=NotStarted}
{"logTime": "0304/223722", "correlationVector":"TkUVRuzNKTPNLL9BrR0DYw","action":"Commit Request", "result":"", "context":Item count: 1
Contributing types: Sessions}
{"logTime": "0304/223722", "correlationVector":"TkUVRuzNKTPNLL9BrR0DYw.1","action":"SyncServerConnectionManagerRequest", "result":"SYNC_SERVER_OK", "context":{"environment":"Prod_SoutheastAsia_000j", "migrationStage":"NotStarted", "server":"GENERAL0300000U"}}
{"logTime": "0304/223722", "correlationVector":"TkUVRuzNKTPNLL9BrR0DYw.2","action":"Commit Response", "result":"SYNCER_OK", "context":Result: SYNCER_OK. cV=TkUVRuzNKTPNLL9BrR0DYw.0;server=GENERAL0300000U;cloudType=Consumer;environment=Prod_SoutheastAsia_000j;migrationStage=NotStarted}
{"logTime": "0304/224036", "correlationVector":"oakKySEuadHYIn6Jwl8jxY","action":"Commit Request", "result":"", "context":Item count: 1
Contributing types: Sessions}
{"logTime": "0304/224036", "correlationVector":"oakKySEuadHYIn6Jwl8jxY.1","action":"SyncServerConnectionManagerRequest", "result":"SYNC_SERVER_OK", "context":{"environment":"Prod_SoutheastAsia_000j", "migrationStage":"NotStarted", "server":"GENERAL0100000D"}}
{"logTime": "0304/224036", "correlationVector":"oakKySEuadHYIn6Jwl8jxY.2","action":"Commit Response", "result":"SYNCER_OK", "context":Result: SYNCER_OK. cV=oakKySEuadHYIn6Jwl8jxY.0;server=GENERAL0100000D;cloudType=Consumer;environment=Prod_SoutheastAsia_000j;migrationStage=NotStarted}
{"logTime": "0304/224219", "correlationVector":"KFeUccPsTlK1M12WfVyuad","action":"Commit Request", "result":"", "context":Item count: 1
Contributing types: Sessions}
{"logTime": "0304/224219", "correlationVector":"KFeUccPsTlK1M12WfVyuad.1","action":"SyncServerConnectionManagerRequest", "result":"SYNC_SERVER_OK", "context":{"environment":"Prod_SoutheastAsia_000j", "migrationStage":"NotStarted", "server":"GENERAL0100000Y"}}
{"logTime": "0304/224219", "correlationVector":"KFeUccPsTlK1M12WfVyuad.2","action":"Commit Response", "result":"SYNCER_OK", "context":Result: SYNCER_OK. cV=KFeUccPsTlK1M12WfVyuad.0;server=GENERAL0100000Y;cloudType=Consumer;environment=Prod_SoutheastAsia_000j;migrationStage=NotStarted}
{"logTime": "0304/224451", "correlationVector":"xY6WxRogkjYmk7Ap/G7QEH","action":"Commit Request", "result":"", "context":Item count: 1
Contributing types: Sessions}
{"logTime": "0304/224451", "correlationVector":"xY6WxRogkjYmk7Ap/G7QEH.1","action":"SyncServerConnectionManagerRequest", "result":"SYNC_SERVER_OK", "context":{"environment":"Prod_SoutheastAsia_000j", "migrationStage":"NotStarted", "server":"GENERAL03000016"}}
{"logTime": "0304/224451", "correlationVector":"xY6WxRogkjYmk7Ap/G7QEH.2","action":"Commit Response", "result":"SYNCER_OK", "context":Result: SYNCER_OK. cV=xY6WxRogkjYmk7Ap/G7QEH.0;server=GENERAL03000016;cloudType=Consumer;environment=Prod_SoutheastAsia_000j;migrationStage=NotStarted}
{"logTime": "0304/224529", "correlationVector":"r+YIoPjtzTd+760XyMxA7o","action":"Commit Request", "result":"", "context":Item count: 1
Contributing types: Sessions}
{"logTime": "0304/224529", "correlationVector":"r+YIoPjtzTd+760XyMxA7o.1","action":"SyncServerConnectionManagerRequest", "result":"SYNC_SERVER_OK", "context":{"environment":"Prod_SoutheastAsia_000j", "migrationStage":"NotStarted", "server":"GENERAL0300001Z"}}
{"logTime": "0304/224529", "correlationVector":"r+YIoPjtzTd+760XyMxA7o.2","action":"Commit Response", "result":"SYNCER_OK", "context":Result: SYNCER_OK. cV=r+YIoPjtzTd+760XyMxA7o.0;server=GENERAL0300001Z;cloudType=Consumer;environment=Prod_SoutheastAsia_000j;migrationStage=NotStarted}
{"logTime": "0304/224628", "correlationVector":"uyff2zx7Xj29p8R4Q+l/sM","action":"Commit Request", "result":"", "context":Item count: 1
Contributing types: Sessions}
{"logTime": "0304/224628", "correlationVector":"uyff2zx7Xj29p8R4Q+l/sM.1","action":"SyncServerConnectionManagerRequest", "result":"SYNC_SERVER_OK", "context":{"environment":"Prod_SoutheastAsia_000j", "migrationStage":"NotStarted", "server":"GENERAL01000002"}}
{"logTime": "0304/224628", "correlationVector":"uyff2zx7Xj29p8R4Q+l/sM.2","action":"Commit Response", "result":"SYNCER_OK", "context":Result: SYNCER_OK. cV=uyff2zx7Xj29p8R4Q+l/sM.0;server=GENERAL01000002;cloudType=Consumer;environment=Prod_SoutheastAsia_000j;migrationStage=NotStarted}
